06-Feb-22 05:02:15 - root INFO Number of arguments: 2 arguments.
06-Feb-22 05:02:15 - root INFO Argument List: ['run.py', 'test']
06-Feb-22 05:02:15 - root INFO App started in test mode. Using test data (generated with just 2 features. See makeTestData.py)
06-Feb-22 05:02:15 - root INFO 

# Loading data pickle file test/testdata/testdatapickle.bz2
06-Feb-22 05:02:15 - root INFO                                                   text                                 title
0    Predrag Vuković (Serbian Cyrillic: Предраг Вук...                  Predrag_Vukovi%C4%87
1    Orlin Chalmers (born January 30, 1982) is a fo...                        Orlin_Chalmers
2    Danielle Marie Johnson (born November 17, 1987...                      Danielle_Johnson
3    The cornerstone of the Estonian cosmological r...              Space_science_in_Estonia
4    Elisa Bailly de Vilmorin (3 May 1826 – 5 Augus...              Elisa_Bailly_de_Vilmorin
..                                                 ...                                   ...
993  Convergence trade is a trading strategy consis...                     Convergence_trade
994  Suriname competed at the 1992 Summer Olympics ...  Suriname_at_the_1992_Summer_Olympics
995  Blazin' Squad were an English hip hop group.  ...                       Blazin%27_Squad
996  "Give No Fxk" (pronounced "give no fuck") is a...                           Give_No_Fxk
997  Devistan I is a mountain of the Garhwal Himala...                            Devistan_I

[996 rows x 2 columns]
06-Feb-22 05:02:15 - root INFO 

# Tokenizing articles
06-Feb-22 05:02:17 - gensim.corpora.dictionary INFO adding document #0 to Dictionary(0 unique tokens: [])
06-Feb-22 05:02:17 - gensim.corpora.dictionary INFO built Dictionary(32390 unique tokens: ['actions', 'administration', 'aleksandar', 'and', 'appeared']...) from 996 documents (total 376596 corpus positions)
06-Feb-22 05:02:17 - gensim.utils DEBUG starting a new internal lifecycle event log for Dictionary
06-Feb-22 05:02:17 - gensim.utils INFO Dictionary lifecycle event {'msg': "built Dictionary(32390 unique tokens: ['actions', 'administration', 'aleksandar', 'and', 'appeared']...) from 996 documents (total 376596 corpus positions)", 'datetime': '2022-02-06T05:02:17.411577', 'gensim': '4.1.2', 'python': '3.9.5 | packaged by conda-forge | (default, Jun 19 2021, 00:32:32) \n[GCC 9.3.0]', 'platform': 'Linux-5.10.16.3-microsoft-standard-WSL2-x86_64-with-glibc2.31', 'event': 'created'}
06-Feb-22 05:02:17 - root INFO 

# Removing stop words and adding bigrams
06-Feb-22 05:02:17 - gensim.models.phrases INFO collecting all words and their counts
06-Feb-22 05:02:17 - gensim.models.phrases INFO PROGRESS: at sentence #0, processed 0 words and 0 word types
06-Feb-22 05:02:18 - gensim.models.phrases INFO collected 236645 token types (unigram + bigrams) from a corpus of 376596 words and 996 sentences
06-Feb-22 05:02:18 - gensim.models.phrases INFO merged Phrases<236645 vocab, min_count=5, threshold=100, max_vocab_size=40000000>
06-Feb-22 05:02:18 - gensim.utils DEBUG starting a new internal lifecycle event log for Phrases
06-Feb-22 05:02:18 - gensim.utils INFO Phrases lifecycle event {'msg': 'built Phrases<236645 vocab, min_count=5, threshold=100, max_vocab_size=40000000> in 0.63s', 'datetime': '2022-02-06T05:02:18.297404', 'gensim': '4.1.2', 'python': '3.9.5 | packaged by conda-forge | (default, Jun 19 2021, 00:32:32) \n[GCC 9.3.0]', 'platform': 'Linux-5.10.16.3-microsoft-standard-WSL2-x86_64-with-glibc2.31', 'event': 'created'}
06-Feb-22 05:02:18 - gensim.models.phrases INFO collecting all words and their counts
06-Feb-22 05:02:18 - gensim.models.phrases INFO PROGRESS: at sentence #0, processed 0 words and 0 word types
06-Feb-22 05:02:20 - gensim.models.phrases INFO collected 238396 token types (unigram + bigrams) from a corpus of 370137 words and 996 sentences
06-Feb-22 05:02:20 - gensim.models.phrases INFO merged Phrases<238396 vocab, min_count=5, threshold=100, max_vocab_size=40000000>
06-Feb-22 05:02:20 - gensim.utils DEBUG starting a new internal lifecycle event log for Phrases
06-Feb-22 05:02:20 - gensim.utils INFO Phrases lifecycle event {'msg': 'built Phrases<238396 vocab, min_count=5, threshold=100, max_vocab_size=40000000> in 1.71s', 'datetime': '2022-02-06T05:02:20.003082', 'gensim': '4.1.2', 'python': '3.9.5 | packaged by conda-forge | (default, Jun 19 2021, 00:32:32) \n[GCC 9.3.0]', 'platform': 'Linux-5.10.16.3-microsoft-standard-WSL2-x86_64-with-glibc2.31', 'event': 'created'}
06-Feb-22 05:02:20 - gensim.models.phrases INFO exporting phrases from Phrases<236645 vocab, min_count=5, threshold=100, max_vocab_size=40000000>
06-Feb-22 05:02:20 - gensim.utils DEBUG starting a new internal lifecycle event log for FrozenPhrases
06-Feb-22 05:02:20 - gensim.utils INFO FrozenPhrases lifecycle event {'msg': 'exported FrozenPhrases<515 phrases, min_count=5, threshold=100> from Phrases<236645 vocab, min_count=5, threshold=100, max_vocab_size=40000000> in 0.56s', 'datetime': '2022-02-06T05:02:20.566776', 'gensim': '4.1.2', 'python': '3.9.5 | packaged by conda-forge | (default, Jun 19 2021, 00:32:32) \n[GCC 9.3.0]', 'platform': 'Linux-5.10.16.3-microsoft-standard-WSL2-x86_64-with-glibc2.31', 'event': 'created'}
06-Feb-22 05:02:20 - gensim.models.phrases INFO exporting phrases from Phrases<238396 vocab, min_count=5, threshold=100, max_vocab_size=40000000>
06-Feb-22 05:02:21 - gensim.utils DEBUG starting a new internal lifecycle event log for FrozenPhrases
06-Feb-22 05:02:21 - gensim.utils INFO FrozenPhrases lifecycle event {'msg': 'exported FrozenPhrases<493 phrases, min_count=5, threshold=100> from Phrases<238396 vocab, min_count=5, threshold=100, max_vocab_size=40000000> in 0.57s', 'datetime': '2022-02-06T05:02:21.141248', 'gensim': '4.1.2', 'python': '3.9.5 | packaged by conda-forge | (default, Jun 19 2021, 00:32:32) \n[GCC 9.3.0]', 'platform': 'Linux-5.10.16.3-microsoft-standard-WSL2-x86_64-with-glibc2.31', 'event': 'created'}
06-Feb-22 05:02:23 - root INFO data_words_nostops[0][:40]
06-Feb-22 05:02:23 - root INFO ['predrag', 'vukovic', 'serbian', 'cyrillic', 'предраг', 'вуковић', 'born', 'may', 'politician', 'serbia', 'mayor', 'sid', 'served', 'assembly', 'vojvodina', 'since', 'vukovic', 'member', 'serbian', 'progressive', 'party', 'vukovic', 'born', 'vukovar', 'socialist', 'republic', 'croatia', 'socialist', 'federal', 'republic', 'yugoslavia', 'degree', 'university', 'belgrade', 'faculty', 'economics', 'company', 'director', 'private', 'public']
06-Feb-22 05:02:23 - root INFO data_words_bigrams[0][:40]
06-Feb-22 05:02:23 - root INFO ['predrag', 'vukovic', 'serbian', 'cyrillic', 'предраг', 'вуковић', 'born', 'may', 'politician', 'serbia', 'mayor', 'sid', 'served', 'assembly', 'vojvodina', 'since', 'vukovic', 'member', 'serbian', 'progressive', 'party', 'vukovic', 'born', 'vukovar', 'socialist', 'republic', 'croatia', 'socialist', 'federal', 'republic', 'yugoslavia', 'degree', 'university', 'belgrade', 'faculty', 'economics', 'company', 'director', 'private', 'public']
06-Feb-22 05:02:23 - root INFO 

# Lemmatization
06-Feb-22 05:02:23 - root INFO Lemmatization Example predrag -> VERB
06-Feb-22 05:02:23 - root INFO Lemmatization Example vukovic -> ADJ
06-Feb-22 05:02:23 - root INFO Lemmatization Example cyrillic -> NOUN
06-Feb-22 05:02:23 - root INFO Lemmatization Example вуковић -> ADV
06-Feb-22 05:02:23 - root INFO Lemmatization Example may -> AUX
06-Feb-22 05:02:23 - root INFO Lemmatization Example politician -> PROPN
06-Feb-22 05:02:23 - root INFO Lemmatization Example since -> SCONJ
06-Feb-22 05:02:23 - root INFO Lemmatization Example twenty -> NUM
06-Feb-22 05:02:52 - root INFO data_lemmatized[0][:40]
06-Feb-22 05:02:52 - root INFO ['предраг', 'вуковић', 'bear', 'mayor', 'sid', 'serve', 'assembly', 'vojvodina', 'vukovic', 'member', 'vukovic', 'bear', 'vukovar', 'socialist', 'socialist', 'degree', 'faculty', 'economic', 'company', 'director', 'private', 'public', 'sector', 'sid', 'vukovic', 'appear', 'lead', 'position', 'electoral', 'list', 'local', 'election', 'sid', 'list', 'win', 'majority', 'victory', 'seat', 'choose', 'mayor']
06-Feb-22 05:02:52 - root INFO data_words_bigrams[0][:40]
06-Feb-22 05:02:52 - root INFO ['predrag', 'vukovic', 'serbian', 'cyrillic', 'предраг', 'вуковић', 'born', 'may', 'politician', 'serbia', 'mayor', 'sid', 'served', 'assembly', 'vojvodina', 'since', 'vukovic', 'member', 'serbian', 'progressive', 'party', 'vukovic', 'born', 'vukovar', 'socialist', 'republic', 'croatia', 'socialist', 'federal', 'republic', 'yugoslavia', 'degree', 'university', 'belgrade', 'faculty', 'economics', 'company', 'director', 'private', 'public']
06-Feb-22 05:02:52 - root INFO 

# Creating bag of words frequencies
06-Feb-22 05:02:52 - gensim.corpora.dictionary INFO adding document #0 to Dictionary(0 unique tokens: [])
06-Feb-22 05:02:52 - gensim.corpora.dictionary INFO built Dictionary(32647 unique tokens: ['actions', 'administration', 'aleksandar', 'appeared', 'assembly']...) from 996 documents (total 221152 corpus positions)
06-Feb-22 05:02:52 - gensim.utils DEBUG starting a new internal lifecycle event log for Dictionary
06-Feb-22 05:02:52 - gensim.utils INFO Dictionary lifecycle event {'msg': "built Dictionary(32647 unique tokens: ['actions', 'administration', 'aleksandar', 'appeared', 'assembly']...) from 996 documents (total 221152 corpus positions)", 'datetime': '2022-02-06T05:02:52.276827', 'gensim': '4.1.2', 'python': '3.9.5 | packaged by conda-forge | (default, Jun 19 2021, 00:32:32) \n[GCC 9.3.0]', 'platform': 'Linux-5.10.16.3-microsoft-standard-WSL2-x86_64-with-glibc2.31', 'event': 'created'}
06-Feb-22 05:02:52 - root INFO No lemmatization -- Number of unique tokens: 32647
06-Feb-22 05:02:52 - root INFO No lemmatization -- Number of documents: 996
06-Feb-22 05:02:52 - gensim.corpora.dictionary INFO adding document #0 to Dictionary(0 unique tokens: [])
06-Feb-22 05:02:52 - gensim.corpora.dictionary INFO built Dictionary(20418 unique tokens: ['action', 'administration', 'aleksandar', 'appear', 'assembly']...) from 996 documents (total 175272 corpus positions)
06-Feb-22 05:02:52 - gensim.utils DEBUG starting a new internal lifecycle event log for Dictionary
06-Feb-22 05:02:52 - gensim.utils INFO Dictionary lifecycle event {'msg': "built Dictionary(20418 unique tokens: ['action', 'administration', 'aleksandar', 'appear', 'assembly']...) from 996 documents (total 175272 corpus positions)", 'datetime': '2022-02-06T05:02:52.577855', 'gensim': '4.1.2', 'python': '3.9.5 | packaged by conda-forge | (default, Jun 19 2021, 00:32:32) \n[GCC 9.3.0]', 'platform': 'Linux-5.10.16.3-microsoft-standard-WSL2-x86_64-with-glibc2.31', 'event': 'created'}
06-Feb-22 05:02:52 - gensim.corpora.dictionary INFO discarding 18448 tokens: [('aleksandar', 1), ('bear', 236), ('confrontation', 3), ('convene', 2), ('dismiss', 6), ('electoral', 9), ('lead', 147), ('list', 106), ('mandate', 7), ('member', 180)]...
06-Feb-22 05:02:52 - gensim.corpora.dictionary INFO keeping 1970 tokens which were in no less than 10 and no more than 99 (=10.0%) documents
06-Feb-22 05:02:52 - gensim.corpora.dictionary DEBUG rebuilding dictionary, shrinking gaps
06-Feb-22 05:02:52 - gensim.corpora.dictionary INFO resulting dictionary: Dictionary(1970 unique tokens: ['action', 'administration', 'appear', 'assembly', 'centre']...)
06-Feb-22 05:02:52 - root INFO lemmatization -- Number of unique tokens: 1970
06-Feb-22 05:02:52 - root INFO lemmatization -- Number of documents: 996
06-Feb-22 05:02:52 - root INFO 

# Fitting via LDA Variational Inference (Gensim) library
06-Feb-22 05:02:52 - root INFO 

## Without Lemmatization
06-Feb-22 05:02:52 - gensim.models.ldamodel INFO using symmetric alpha at 0.05
06-Feb-22 05:02:52 - gensim.models.ldamodel INFO using symmetric eta at 0.05
06-Feb-22 05:02:52 - gensim.models.ldamodel INFO using serial LDA version on this node
06-Feb-22 05:02:52 - gensim.models.ldamulticore INFO running online LDA training, 20 topics, 5 passes over the supplied corpus of 996 documents, updating every 700 documents, evaluating every ~996 documents, iterating 50x with a convergence threshold of 0.001000
06-Feb-22 05:02:52 - gensim.models.ldamulticore WARNING too few updates, training might not converge; consider increasing the number of passes or iterations to improve accuracy
06-Feb-22 05:02:52 - gensim.models.ldamulticore INFO training LDA model using 7 processes
06-Feb-22 05:02:52 - gensim.models.ldamulticore INFO PROGRESS: pass 0, dispatched chunk #0 = documents up to #100/996, outstanding queue size 1
06-Feb-22 05:02:52 - gensim.models.ldamulticore INFO PROGRESS: pass 0, dispatched chunk #1 = documents up to #200/996, outstanding queue size 2
06-Feb-22 05:02:52 - gensim.models.ldamulticore INFO PROGRESS: pass 0, dispatched chunk #2 = documents up to #300/996, outstanding queue size 3
06-Feb-22 05:02:52 - gensim.models.ldamulticore INFO PROGRESS: pass 0, dispatched chunk #3 = documents up to #400/996, outstanding queue size 4
06-Feb-22 05:02:52 - gensim.models.ldamulticore INFO PROGRESS: pass 0, dispatched chunk #4 = documents up to #500/996, outstanding queue size 5
06-Feb-22 05:02:52 - gensim.models.ldamulticore INFO PROGRESS: pass 0, dispatched chunk #5 = documents up to #600/996, outstanding queue size 6
06-Feb-22 05:02:52 - gensim.models.ldamulticore INFO PROGRESS: pass 0, dispatched chunk #6 = documents up to #700/996, outstanding queue size 7
06-Feb-22 05:02:52 - gensim.models.ldamulticore INFO PROGRESS: pass 0, dispatched chunk #7 = documents up to #800/996, outstanding queue size 8
06-Feb-22 05:02:52 - gensim.models.ldamulticore INFO PROGRESS: pass 0, dispatched chunk #8 = documents up to #900/996, outstanding queue size 9
06-Feb-22 05:02:52 - gensim.models.ldamulticore INFO PROGRESS: pass 0, dispatched chunk #9 = documents up to #996/996, outstanding queue size 10
06-Feb-22 05:02:55 - gensim.models.ldamodel INFO merging changes from 700 documents into a model of 996 documents
06-Feb-22 05:02:55 - gensim.models.ldamodel INFO topic #15 (0.050): 0.004*"also" + 0.004*"first" + 0.003*"one" + 0.003*"may" + 0.003*"new" + 0.002*"two" + 0.002*"species" + 0.002*"time" + 0.002*"people" + 0.002*"would"
06-Feb-22 05:02:55 - gensim.models.ldamodel INFO topic #5 (0.050): 0.004*"two" + 0.004*"also" + 0.004*"first" + 0.003*"one" + 0.003*"would" + 0.002*"three" + 0.002*"new" + 0.002*"time" + 0.002*"met" + 0.002*"band"
06-Feb-22 05:02:55 - gensim.models.ldamodel INFO topic #11 (0.050): 0.004*"one" + 0.003*"also" + 0.003*"time" + 0.003*"city" + 0.002*"new" + 0.002*"first" + 0.002*"would" + 0.002*"two" + 0.002*"may" + 0.002*"borg"
06-Feb-22 05:02:55 - gensim.models.ldamodel INFO topic #7 (0.050): 0.004*"also" + 0.003*"one" + 0.003*"two" + 0.003*"first" + 0.002*"park" + 0.002*"year" + 0.002*"new" + 0.002*"since" + 0.002*"world" + 0.002*"station"
06-Feb-22 05:02:55 - gensim.models.ldamodel INFO topic #9 (0.050): 0.004*"one" + 0.003*"also" + 0.003*"first" + 0.002*"university" + 0.002*"new" + 0.002*"board" + 0.002*"two" + 0.002*"company" + 0.002*"line" + 0.002*"would"
06-Feb-22 05:02:55 - gensim.models.ldamodel INFO topic diff=9.783338, rho=1.000000
06-Feb-22 05:02:55 - gensim.models.ldamodel INFO -15.017 per-word bound, 33146.9 perplexity estimate based on a held-out corpus of 96 documents with 18935 words
06-Feb-22 05:02:55 - gensim.models.ldamodel INFO merging changes from 296 documents into a model of 996 documents
06-Feb-22 05:02:55 - gensim.models.ldamodel INFO topic #14 (0.050): 0.005*"also" + 0.004*"first" + 0.004*"one" + 0.002*"line" + 0.002*"two" + 0.002*"school" + 0.002*"university" + 0.002*"time" + 0.002*"national" + 0.002*"new"
06-Feb-22 05:02:55 - gensim.models.ldamodel INFO topic #13 (0.050): 0.005*"first" + 0.005*"also" + 0.003*"time" + 0.003*"one" + 0.003*"game" + 0.002*"part" + 0.002*"two" + 0.002*"would" + 0.002*"new" + 0.002*"line"
06-Feb-22 05:02:55 - gensim.models.ldamodel INFO topic #19 (0.050): 0.004*"also" + 0.004*"one" + 0.004*"first" + 0.003*"school" + 0.003*"year" + 0.003*"new" + 0.002*"national" + 0.002*"th" + 0.002*"two" + 0.002*"years"
06-Feb-22 05:02:55 - gensim.models.ldamodel INFO topic #11 (0.050): 0.004*"one" + 0.003*"also" + 0.003*"time" + 0.003*"game" + 0.002*"city" + 0.002*"two" + 0.002*"first" + 0.002*"new" + 0.002*"would" + 0.002*"john"
06-Feb-22 05:02:55 - gensim.models.ldamodel INFO topic #16 (0.050): 0.005*"also" + 0.004*"first" + 0.004*"one" + 0.003*"two" + 0.002*"years" + 0.002*"line" + 0.002*"university" + 0.002*"would" + 0.002*"district" + 0.002*"album"
06-Feb-22 05:02:55 - gensim.models.ldamodel INFO topic diff=2.672853, rho=0.353553
06-Feb-22 05:02:55 - gensim.models.ldamodel INFO -10.912 per-word bound, 1926.9 perplexity estimate based on a held-out corpus of 96 documents with 18935 words
06-Feb-22 05:02:55 - gensim.models.ldamulticore INFO PROGRESS: pass 1, dispatched chunk #0 = documents up to #100/996, outstanding queue size 1
06-Feb-22 05:02:55 - gensim.models.ldamulticore INFO PROGRESS: pass 1, dispatched chunk #1 = documents up to #200/996, outstanding queue size 2
06-Feb-22 05:02:55 - gensim.models.ldamulticore INFO PROGRESS: pass 1, dispatched chunk #2 = documents up to #300/996, outstanding queue size 3
06-Feb-22 05:02:55 - gensim.models.ldamulticore INFO PROGRESS: pass 1, dispatched chunk #3 = documents up to #400/996, outstanding queue size 4
06-Feb-22 05:02:55 - gensim.models.ldamulticore INFO PROGRESS: pass 1, dispatched chunk #4 = documents up to #500/996, outstanding queue size 5
06-Feb-22 05:02:55 - gensim.models.ldamulticore INFO PROGRESS: pass 1, dispatched chunk #5 = documents up to #600/996, outstanding queue size 6
06-Feb-22 05:02:55 - gensim.models.ldamulticore INFO PROGRESS: pass 1, dispatched chunk #6 = documents up to #700/996, outstanding queue size 7
06-Feb-22 05:02:55 - gensim.models.ldamulticore INFO PROGRESS: pass 1, dispatched chunk #7 = documents up to #800/996, outstanding queue size 8
06-Feb-22 05:02:55 - gensim.models.ldamulticore INFO PROGRESS: pass 1, dispatched chunk #8 = documents up to #900/996, outstanding queue size 9
06-Feb-22 05:02:55 - gensim.models.ldamulticore INFO PROGRESS: pass 1, dispatched chunk #9 = documents up to #996/996, outstanding queue size 10
06-Feb-22 05:02:58 - gensim.models.ldamodel INFO merging changes from 700 documents into a model of 996 documents
06-Feb-22 05:02:58 - gensim.models.ldamodel INFO topic #12 (0.050): 0.004*"also" + 0.004*"railway" + 0.004*"met" + 0.004*"district" + 0.003*"city" + 0.003*"two" + 0.003*"station" + 0.003*"new" + 0.003*"first" + 0.003*"north"
06-Feb-22 05:02:58 - gensim.models.ldamodel INFO topic #11 (0.050): 0.004*"one" + 0.003*"time" + 0.003*"also" + 0.003*"city" + 0.003*"game" + 0.002*"first" + 0.002*"two" + 0.002*"new" + 0.002*"would" + 0.002*"building"
06-Feb-22 05:02:58 - gensim.models.ldamodel INFO topic #9 (0.050): 0.004*"one" + 0.003*"board" + 0.003*"also" + 0.002*"university" + 0.002*"first" + 0.002*"new" + 0.002*"two" + 0.002*"would" + 0.002*"game" + 0.002*"may"
06-Feb-22 05:02:58 - gensim.models.ldamodel INFO topic #17 (0.050): 0.004*"one" + 0.003*"also" + 0.003*"film" + 0.002*"first" + 0.002*"two" + 0.002*"winner" + 0.002*"new" + 0.002*"line" + 0.002*"station" + 0.002*"may"
06-Feb-22 05:02:58 - gensim.models.ldamodel INFO topic #0 (0.050): 0.007*"borg" + 0.007*"amazing_race" + 0.004*"also" + 0.004*"first" + 0.003*"one" + 0.003*"season" + 0.003*"league" + 0.003*"team" + 0.003*"star_trek" + 0.003*"film"
06-Feb-22 05:02:58 - gensim.models.ldamodel INFO topic diff=1.005318, rho=0.289157
06-Feb-22 05:02:58 - gensim.models.ldamodel INFO -11.030 per-word bound, 2090.8 perplexity estimate based on a held-out corpus of 96 documents with 18935 words
06-Feb-22 05:02:58 - gensim.models.ldamodel INFO merging changes from 296 documents into a model of 996 documents
06-Feb-22 05:02:58 - gensim.models.ldamodel INFO topic #11 (0.050): 0.004*"vassar" + 0.004*"one" + 0.003*"also" + 0.003*"time" + 0.003*"two" + 0.002*"john" + 0.002*"first" + 0.002*"city" + 0.002*"game" + 0.002*"building"
06-Feb-22 05:02:58 - gensim.models.ldamodel INFO topic #17 (0.050): 0.005*"one" + 0.004*"film" + 0.004*"also" + 0.003*"patients" + 0.003*"center" + 0.003*"air" + 0.002*"time" + 0.002*"two" + 0.002*"first" + 0.002*"displaystyle"
06-Feb-22 05:02:58 - gensim.models.ldamodel INFO topic #18 (0.050): 0.005*"line" + 0.003*"one" + 0.003*"station" + 0.003*"new" + 0.003*"east" + 0.003*"first" + 0.003*"two" + 0.003*"film" + 0.002*"city" + 0.002*"also"
06-Feb-22 05:02:58 - gensim.models.ldamodel INFO topic #13 (0.050): 0.005*"also" + 0.004*"first" + 0.003*"line" + 0.003*"one" + 0.003*"time" + 0.003*"two" + 0.003*"part" + 0.002*"station" + 0.002*"route" + 0.002*"west"
06-Feb-22 05:02:58 - gensim.models.ldamodel INFO topic #9 (0.050): 0.004*"university" + 0.004*"one" + 0.003*"film" + 0.003*"new" + 0.003*"line" + 0.003*"company" + 0.003*"also" + 0.003*"hanseatic" + 0.003*"board" + 0.003*"first"
06-Feb-22 05:02:58 - gensim.models.ldamodel INFO topic diff=1.028104, rho=0.289157
06-Feb-22 05:02:58 - gensim.models.ldamodel INFO -9.699 per-word bound, 831.0 perplexity estimate based on a held-out corpus of 96 documents with 18935 words
06-Feb-22 05:02:58 - gensim.models.ldamulticore INFO PROGRESS: pass 2, dispatched chunk #0 = documents up to #100/996, outstanding queue size 1
06-Feb-22 05:02:58 - gensim.models.ldamulticore INFO PROGRESS: pass 2, dispatched chunk #1 = documents up to #200/996, outstanding queue size 2
06-Feb-22 05:02:58 - gensim.models.ldamulticore INFO PROGRESS: pass 2, dispatched chunk #2 = documents up to #300/996, outstanding queue size 3
06-Feb-22 05:02:58 - gensim.models.ldamulticore INFO PROGRESS: pass 2, dispatched chunk #3 = documents up to #400/996, outstanding queue size 4
06-Feb-22 05:02:58 - gensim.models.ldamulticore INFO PROGRESS: pass 2, dispatched chunk #4 = documents up to #500/996, outstanding queue size 5
06-Feb-22 05:02:58 - gensim.models.ldamulticore INFO PROGRESS: pass 2, dispatched chunk #5 = documents up to #600/996, outstanding queue size 6
06-Feb-22 05:02:58 - gensim.models.ldamulticore INFO PROGRESS: pass 2, dispatched chunk #6 = documents up to #700/996, outstanding queue size 7
06-Feb-22 05:02:58 - gensim.models.ldamulticore INFO PROGRESS: pass 2, dispatched chunk #7 = documents up to #800/996, outstanding queue size 8
06-Feb-22 05:02:58 - gensim.models.ldamulticore INFO PROGRESS: pass 2, dispatched chunk #8 = documents up to #900/996, outstanding queue size 9
06-Feb-22 05:02:58 - gensim.models.ldamulticore INFO PROGRESS: pass 2, dispatched chunk #9 = documents up to #996/996, outstanding queue size 10
06-Feb-22 05:03:00 - gensim.models.ldamodel INFO merging changes from 896 documents into a model of 996 documents
06-Feb-22 05:03:00 - gensim.models.ldamodel INFO topic #12 (0.050): 0.005*"railway" + 0.005*"also" + 0.004*"district" + 0.004*"town" + 0.004*"met" + 0.003*"north" + 0.003*"city" + 0.003*"station" + 0.003*"south" + 0.003*"east"
06-Feb-22 05:03:00 - gensim.models.ldamodel INFO topic #8 (0.050): 0.004*"school" + 0.003*"two" + 0.003*"one" + 0.003*"state" + 0.003*"displaystyle" + 0.003*"first" + 0.003*"students" + 0.003*"part" + 0.003*"team" + 0.002*"county"
06-Feb-22 05:03:00 - gensim.models.ldamodel INFO topic #1 (0.050): 0.006*"would" + 0.005*"season" + 0.005*"first" + 0.005*"also" + 0.005*"game" + 0.004*"two" + 0.004*"team" + 0.004*"year" + 0.004*"played" + 0.003*"school"
06-Feb-22 05:03:00 - gensim.models.ldamodel INFO topic #10 (0.050): 0.003*"two" + 0.003*"first" + 0.003*"time" + 0.003*"also" + 0.003*"university" + 0.003*"ian" + 0.002*"world" + 0.002*"samantha" + 0.002*"member" + 0.002*"tanuki"
06-Feb-22 05:03:00 - gensim.models.ldamodel INFO topic #2 (0.050): 0.008*"game" + 0.006*"also" + 0.005*"one" + 0.003*"first" + 0.003*"may" + 0.003*"two" + 0.003*"year" + 0.003*"would" + 0.003*"time" + 0.003*"world"
06-Feb-22 05:03:00 - gensim.models.ldamodel INFO topic diff=0.890797, rho=0.277778
06-Feb-22 05:03:01 - gensim.models.ldamodel INFO -9.573 per-word bound, 761.6 perplexity estimate based on a held-out corpus of 96 documents with 18935 words
06-Feb-22 05:03:01 - gensim.models.ldamodel INFO merging changes from 100 documents into a model of 996 documents
06-Feb-22 05:03:01 - gensim.models.ldamodel INFO topic #4 (0.050): 0.018*"squadron" + 0.008*"raf" + 0.005*"aircraft" + 0.004*"may" + 0.004*"river" + 0.004*"two" + 0.003*"air" + 0.003*"east" + 0.003*"island" + 0.003*"part"
06-Feb-22 05:03:01 - gensim.models.ldamodel INFO topic #7 (0.050): 0.004*"one" + 0.004*"decision" + 0.003*"also" + 0.003*"bridge" + 0.003*"penlington" + 0.003*"final" + 0.003*"first" + 0.003*"making" + 0.003*"two" + 0.003*"johnson"
06-Feb-22 05:03:01 - gensim.models.ldamodel INFO topic #9 (0.050): 0.004*"university" + 0.004*"one" + 0.003*"board" + 0.003*"zhu" + 0.003*"film" + 0.003*"company" + 0.003*"also" + 0.003*"surname" + 0.003*"th" + 0.003*"family"
06-Feb-22 05:03:01 - gensim.models.ldamodel INFO topic #11 (0.050): 0.006*"church" + 0.005*"grossmunster" + 0.004*"building" + 0.004*"vassar" + 0.003*"one" + 0.003*"zurich" + 0.003*"cloister" + 0.003*"part" + 0.003*"two" + 0.002*"first"
06-Feb-22 05:03:01 - gensim.models.ldamodel INFO topic #3 (0.050): 0.004*"also" + 0.003*"sokolov" + 0.003*"national" + 0.003*"born" + 0.003*"time" + 0.002*"two" + 0.002*"film" + 0.002*"auschwitz" + 0.002*"one" + 0.002*"number"
06-Feb-22 05:03:01 - gensim.models.ldamodel INFO topic diff=0.884247, rho=0.277778
06-Feb-22 05:03:01 - gensim.models.ldamodel INFO -9.676 per-word bound, 818.0 perplexity estimate based on a held-out corpus of 96 documents with 18935 words
06-Feb-22 05:03:01 - gensim.models.ldamulticore INFO PROGRESS: pass 3, dispatched chunk #0 = documents up to #100/996, outstanding queue size 1
06-Feb-22 05:03:01 - gensim.models.ldamulticore INFO PROGRESS: pass 3, dispatched chunk #1 = documents up to #200/996, outstanding queue size 2
06-Feb-22 05:03:01 - gensim.models.ldamulticore INFO PROGRESS: pass 3, dispatched chunk #2 = documents up to #300/996, outstanding queue size 3
06-Feb-22 05:03:01 - gensim.models.ldamulticore INFO PROGRESS: pass 3, dispatched chunk #3 = documents up to #400/996, outstanding queue size 4
06-Feb-22 05:03:01 - gensim.models.ldamulticore INFO PROGRESS: pass 3, dispatched chunk #4 = documents up to #500/996, outstanding queue size 5
06-Feb-22 05:03:01 - gensim.models.ldamulticore INFO PROGRESS: pass 3, dispatched chunk #5 = documents up to #600/996, outstanding queue size 6
06-Feb-22 05:03:01 - gensim.models.ldamulticore INFO PROGRESS: pass 3, dispatched chunk #6 = documents up to #700/996, outstanding queue size 7
06-Feb-22 05:03:01 - gensim.models.ldamulticore INFO PROGRESS: pass 3, dispatched chunk #7 = documents up to #800/996, outstanding queue size 8
06-Feb-22 05:03:01 - gensim.models.ldamulticore INFO PROGRESS: pass 3, dispatched chunk #8 = documents up to #900/996, outstanding queue size 9
06-Feb-22 05:03:01 - gensim.models.ldamulticore INFO PROGRESS: pass 3, dispatched chunk #9 = documents up to #996/996, outstanding queue size 10
06-Feb-22 05:03:03 - gensim.models.ldamodel INFO merging changes from 700 documents into a model of 996 documents
06-Feb-22 05:03:03 - gensim.models.ldamodel INFO topic #13 (0.050): 0.004*"also" + 0.004*"first" + 0.003*"one" + 0.003*"part" + 0.002*"line" + 0.002*"north" + 0.002*"west" + 0.002*"two" + 0.002*"new" + 0.002*"born"
06-Feb-22 05:03:03 - gensim.models.ldamodel INFO topic #3 (0.050): 0.004*"also" + 0.003*"national" + 0.003*"physical" + 0.003*"born" + 0.003*"event" + 0.003*"mental" + 0.002*"two" + 0.002*"laws" + 0.002*"jewish" + 0.002*"sokolov"
06-Feb-22 05:03:03 - gensim.models.ldamodel INFO topic #10 (0.050): 0.004*"world" + 0.003*"ian" + 0.003*"house" + 0.003*"first" + 0.003*"time" + 0.003*"samantha" + 0.003*"two" + 0.003*"tanuki" + 0.002*"united_states" + 0.002*"event"
06-Feb-22 05:03:03 - gensim.models.ldamodel INFO topic #6 (0.050): 0.005*"album" + 0.005*"film" + 0.004*"also" + 0.004*"one" + 0.003*"lennon" + 0.003*"irwin" + 0.003*"first" + 0.003*"john" + 0.003*"battle" + 0.003*"series"
06-Feb-22 05:03:03 - gensim.models.ldamodel INFO topic #15 (0.050): 0.006*"also" + 0.005*"may" + 0.004*"species" + 0.003*"squadron" + 0.003*"new" + 0.003*"first" + 0.003*"wharton" + 0.002*"brown_algae" + 0.002*"one" + 0.002*"part"
06-Feb-22 05:03:03 - gensim.models.ldamodel INFO topic diff=0.787441, rho=0.267644
06-Feb-22 05:03:03 - gensim.models.ldamodel INFO -9.864 per-word bound, 931.6 perplexity estimate based on a held-out corpus of 96 documents with 18935 words
06-Feb-22 05:03:03 - gensim.models.ldamodel INFO merging changes from 296 documents into a model of 996 documents
06-Feb-22 05:03:03 - gensim.models.ldamodel INFO topic #19 (0.050): 0.004*"also" + 0.004*"first" + 0.004*"school" + 0.004*"th" + 0.004*"one" + 0.003*"year" + 0.003*"eagles" + 0.003*"national" + 0.003*"years" + 0.003*"london"
06-Feb-22 05:03:03 - gensim.models.ldamodel INFO topic #5 (0.050): 0.011*"band" + 0.008*"album" + 0.007*"released" + 0.005*"first" + 0.005*"single" + 0.005*"song" + 0.004*"also" + 0.004*"new" + 0.004*"two" + 0.004*"music"
06-Feb-22 05:03:03 - gensim.models.ldamodel INFO topic #4 (0.050): 0.018*"squadron" + 0.008*"raf" + 0.005*"aircraft" + 0.004*"may" + 0.004*"cocaine" + 0.004*"river" + 0.003*"air" + 0.003*"de" + 0.003*"two" + 0.003*"island"
06-Feb-22 05:03:03 - gensim.models.ldamodel INFO topic #12 (0.050): 0.005*"railway" + 0.005*"city" + 0.004*"town" + 0.004*"met" + 0.004*"district" + 0.004*"also" + 0.003*"fire" + 0.003*"north" + 0.003*"angre" + 0.003*"east"
06-Feb-22 05:03:03 - gensim.models.ldamodel INFO topic #3 (0.050): 0.004*"also" + 0.003*"national" + 0.003*"film" + 0.003*"sokolov" + 0.003*"born" + 0.002*"time" + 0.002*"two" + 0.002*"physical" + 0.002*"one" + 0.002*"jewish"
06-Feb-22 05:03:03 - gensim.models.ldamodel INFO topic diff=0.707805, rho=0.267644
06-Feb-22 05:03:04 - gensim.models.ldamodel INFO -9.145 per-word bound, 566.3 perplexity estimate based on a held-out corpus of 96 documents with 18935 words
06-Feb-22 05:03:04 - gensim.models.ldamulticore INFO PROGRESS: pass 4, dispatched chunk #0 = documents up to #100/996, outstanding queue size 1
06-Feb-22 05:03:04 - gensim.models.ldamulticore INFO PROGRESS: pass 4, dispatched chunk #1 = documents up to #200/996, outstanding queue size 2
06-Feb-22 05:03:04 - gensim.models.ldamulticore INFO PROGRESS: pass 4, dispatched chunk #2 = documents up to #300/996, outstanding queue size 3
06-Feb-22 05:03:04 - gensim.models.ldamulticore INFO PROGRESS: pass 4, dispatched chunk #3 = documents up to #400/996, outstanding queue size 4
06-Feb-22 05:03:04 - gensim.models.ldamulticore INFO PROGRESS: pass 4, dispatched chunk #4 = documents up to #500/996, outstanding queue size 5
06-Feb-22 05:03:04 - gensim.models.ldamulticore INFO PROGRESS: pass 4, dispatched chunk #5 = documents up to #600/996, outstanding queue size 6
06-Feb-22 05:03:04 - gensim.models.ldamulticore INFO PROGRESS: pass 4, dispatched chunk #6 = documents up to #700/996, outstanding queue size 7
06-Feb-22 05:03:04 - gensim.models.ldamulticore INFO PROGRESS: pass 4, dispatched chunk #7 = documents up to #800/996, outstanding queue size 8
06-Feb-22 05:03:04 - gensim.models.ldamulticore INFO PROGRESS: pass 4, dispatched chunk #8 = documents up to #900/996, outstanding queue size 9
06-Feb-22 05:03:04 - gensim.models.ldamulticore INFO PROGRESS: pass 4, dispatched chunk #9 = documents up to #996/996, outstanding queue size 10
06-Feb-22 05:03:08 - gensim.models.ldamodel INFO merging changes from 700 documents into a model of 996 documents
06-Feb-22 05:03:08 - gensim.models.ldamodel INFO topic #3 (0.050): 0.004*"also" + 0.004*"physical" + 0.003*"national" + 0.003*"mental" + 0.003*"event" + 0.003*"laws" + 0.003*"born" + 0.003*"davidson" + 0.003*"jewish" + 0.003*"film"
06-Feb-22 05:03:08 - gensim.models.ldamodel INFO topic #19 (0.050): 0.004*"school" + 0.004*"th" + 0.004*"also" + 0.004*"first" + 0.004*"one" + 0.003*"year" + 0.003*"eagles" + 0.003*"national" + 0.003*"army" + 0.003*"company"
06-Feb-22 05:03:08 - gensim.models.ldamodel INFO topic #2 (0.050): 0.010*"game" + 0.006*"also" + 0.005*"one" + 0.004*"may" + 0.004*"world" + 0.003*"athletes" + 0.003*"two" + 0.003*"first" + 0.003*"time" + 0.003*"would"
06-Feb-22 05:03:08 - gensim.models.ldamodel INFO topic #7 (0.050): 0.004*"displaystyle" + 0.004*"one" + 0.004*"final" + 0.003*"also" + 0.003*"decision" + 0.003*"first" + 0.003*"losing" + 0.003*"two" + 0.003*"year" + 0.003*"reached"
06-Feb-22 05:03:08 - gensim.models.ldamodel INFO topic #1 (0.050): 0.008*"season" + 0.007*"team" + 0.006*"would" + 0.006*"first" + 0.006*"played" + 0.005*"game" + 0.005*"university" + 0.005*"year" + 0.004*"also" + 0.004*"football"
06-Feb-22 05:03:08 - gensim.models.ldamodel INFO topic diff=0.622609, rho=0.258544
06-Feb-22 05:03:08 - gensim.models.ldamodel INFO -9.331 per-word bound, 643.9 perplexity estimate based on a held-out corpus of 96 documents with 18935 words
06-Feb-22 05:03:08 - gensim.models.ldamodel INFO merging changes from 296 documents into a model of 996 documents
06-Feb-22 05:03:08 - gensim.models.ldamodel INFO topic #9 (0.050): 0.006*"film" + 0.005*"university" + 0.004*"board" + 0.004*"hanseatic" + 0.004*"frampton" + 0.003*"ship" + 0.003*"company" + 0.003*"line" + 0.003*"one" + 0.003*"new"
06-Feb-22 05:03:08 - gensim.models.ldamodel INFO topic #11 (0.050): 0.006*"vassar" + 0.005*"church" + 0.004*"building" + 0.004*"theatre" + 0.004*"imageshack" + 0.003*"one" + 0.003*"two" + 0.003*"grossmunster" + 0.003*"carteret" + 0.003*"match"
06-Feb-22 05:03:08 - gensim.models.ldamodel INFO topic #0 (0.050): 0.009*"borg" + 0.007*"amazing_race" + 0.005*"also" + 0.004*"league" + 0.004*"season" + 0.004*"first" + 0.004*"games" + 0.004*"star_trek" + 0.004*"one" + 0.003*"team"
06-Feb-22 05:03:08 - gensim.models.ldamodel INFO topic #4 (0.050): 0.014*"squadron" + 0.006*"raf" + 0.005*"cocaine" + 0.004*"may" + 0.004*"de" + 0.004*"pce" + 0.004*"aircraft" + 0.003*"also" + 0.003*"island" + 0.003*"two"
06-Feb-22 05:03:08 - gensim.models.ldamodel INFO topic #13 (0.050): 0.005*"route" + 0.004*"also" + 0.004*"line" + 0.004*"station" + 0.004*"first" + 0.003*"horten" + 0.003*"town" + 0.003*"two" + 0.003*"west" + 0.003*"part"
06-Feb-22 05:03:08 - gensim.models.ldamodel INFO topic diff=0.565029, rho=0.258544
06-Feb-22 05:03:09 - gensim.models.ldamodel INFO -8.930 per-word bound, 487.7 perplexity estimate based on a held-out corpus of 96 documents with 18935 words
06-Feb-22 05:03:09 - gensim.utils INFO LdaMulticore lifecycle event {'msg': 'trained LdaModel(num_terms=32647, num_topics=20, decay=0.5, chunksize=100) in 16.38s', 'datetime': '2022-02-06T05:03:09.118465', 'gensim': '4.1.2', 'python': '3.9.5 | packaged by conda-forge | (default, Jun 19 2021, 00:32:32) \n[GCC 9.3.0]', 'platform': 'Linux-5.10.16.3-microsoft-standard-WSL2-x86_64-with-glibc2.31', 'event': 'created'}
06-Feb-22 05:03:09 - root INFO Time taken = 0 minutes
06-Feb-22 05:03:09 - root INFO Note: Perplexity estimate based on a held-out corpus of 4 documents
06-Feb-22 05:03:09 - root INFO 

## With Lemmatization
06-Feb-22 05:03:09 - gensim.models.ldamodel INFO using symmetric alpha at 0.2
06-Feb-22 05:03:09 - gensim.models.ldamodel INFO using symmetric eta at 0.2
06-Feb-22 05:03:09 - gensim.models.ldamodel INFO using serial LDA version on this node
06-Feb-22 05:03:09 - gensim.models.ldamulticore INFO running online LDA training, 5 topics, 10 passes over the supplied corpus of 996 documents, updating every 700 documents, evaluating every ~996 documents, iterating 50x with a convergence threshold of 0.001000
06-Feb-22 05:03:09 - gensim.models.ldamulticore INFO training LDA model using 7 processes
06-Feb-22 05:03:09 - gensim.models.ldamulticore INFO PROGRESS: pass 0, dispatched chunk #0 = documents up to #100/996, outstanding queue size 1
06-Feb-22 05:03:09 - gensim.models.ldamulticore INFO PROGRESS: pass 0, dispatched chunk #1 = documents up to #200/996, outstanding queue size 2
06-Feb-22 05:03:09 - gensim.models.ldamulticore INFO PROGRESS: pass 0, dispatched chunk #2 = documents up to #300/996, outstanding queue size 3
06-Feb-22 05:03:09 - gensim.models.ldamulticore INFO PROGRESS: pass 0, dispatched chunk #3 = documents up to #400/996, outstanding queue size 4
06-Feb-22 05:03:09 - gensim.models.ldamulticore INFO PROGRESS: pass 0, dispatched chunk #4 = documents up to #500/996, outstanding queue size 5
06-Feb-22 05:03:09 - gensim.models.ldamulticore INFO PROGRESS: pass 0, dispatched chunk #5 = documents up to #600/996, outstanding queue size 6
06-Feb-22 05:03:09 - gensim.models.ldamulticore INFO PROGRESS: pass 0, dispatched chunk #6 = documents up to #700/996, outstanding queue size 7
06-Feb-22 05:03:09 - gensim.models.ldamulticore INFO PROGRESS: pass 0, dispatched chunk #7 = documents up to #800/996, outstanding queue size 8
06-Feb-22 05:03:09 - gensim.models.ldamulticore INFO PROGRESS: pass 0, dispatched chunk #8 = documents up to #900/996, outstanding queue size 9
06-Feb-22 05:03:09 - gensim.models.ldamulticore INFO PROGRESS: pass 0, dispatched chunk #9 = documents up to #996/996, outstanding queue size 10
06-Feb-22 05:03:09 - gensim.models.ldamodel INFO merging changes from 700 documents into a model of 996 documents
06-Feb-22 05:03:09 - gensim.models.ldamodel INFO topic #0 (0.200): 0.006*"film" + 0.005*"game" + 0.005*"season" + 0.005*"station" + 0.004*"district" + 0.004*"event" + 0.004*"study" + 0.004*"company" + 0.004*"population" + 0.003*"star"
06-Feb-22 05:03:09 - gensim.models.ldamodel INFO topic #1 (0.200): 0.005*"building" + 0.004*"child" + 0.004*"club" + 0.004*"design" + 0.004*"season" + 0.004*"program" + 0.004*"university" + 0.004*"player" + 0.003*"game" + 0.003*"history"
06-Feb-22 05:03:09 - gensim.models.ldamodel INFO topic #2 (0.200): 0.007*"game" + 0.005*"album" + 0.005*"song" + 0.004*"player" + 0.004*"railway" + 0.004*"station" + 0.004*"child" + 0.004*"music" + 0.004*"company" + 0.003*"study"
06-Feb-22 05:03:09 - gensim.models.ldamodel INFO topic #3 (0.200): 0.005*"film" + 0.005*"street" + 0.004*"district" + 0.004*"company" + 0.004*"album" + 0.004*"story" + 0.003*"event" + 0.003*"meet" + 0.003*"game" + 0.003*"tour"
06-Feb-22 05:03:09 - gensim.models.ldamodel INFO topic #4 (0.200): 0.009*"game" + 0.005*"specie" + 0.005*"player" + 0.004*"station" + 0.004*"season" + 0.003*"series" + 0.003*"event" + 0.003*"run" + 0.003*"child" + 0.003*"meet"
06-Feb-22 05:03:09 - gensim.models.ldamodel INFO topic diff=0.717076, rho=1.000000
06-Feb-22 05:03:09 - gensim.models.ldamodel INFO -7.551 per-word bound, 187.5 perplexity estimate based on a held-out corpus of 96 documents with 7671 words
06-Feb-22 05:03:09 - gensim.models.ldamodel INFO merging changes from 296 documents into a model of 996 documents
06-Feb-22 05:03:09 - gensim.models.ldamodel INFO topic #0 (0.200): 0.007*"game" + 0.007*"film" + 0.004*"star" + 0.004*"district" + 0.004*"station" + 0.004*"season" + 0.004*"event" + 0.004*"house" + 0.004*"company" + 0.004*"title"
06-Feb-22 05:03:09 - gensim.models.ldamodel INFO topic #1 (0.200): 0.005*"building" + 0.004*"design" + 0.004*"club" + 0.004*"season" + 0.004*"child" + 0.003*"game" + 0.003*"house" + 0.003*"program" + 0.003*"player" + 0.003*"football"
06-Feb-22 05:03:09 - gensim.models.ldamodel INFO topic #2 (0.200): 0.009*"game" + 0.006*"album" + 0.006*"song" + 0.004*"player" + 0.004*"band" + 0.004*"station" + 0.004*"season" + 0.004*"music" + 0.003*"company" + 0.003*"event"
06-Feb-22 05:03:09 - gensim.models.ldamodel INFO topic #3 (0.200): 0.007*"film" + 0.005*"squadron" + 0.004*"album" + 0.004*"street" + 0.004*"company" + 0.004*"district" + 0.004*"book" + 0.003*"story" + 0.003*"game" + 0.003*"star"
06-Feb-22 05:03:09 - gensim.models.ldamodel INFO topic #4 (0.200): 0.011*"game" + 0.004*"specie" + 0.004*"station" + 0.004*"player" + 0.004*"season" + 0.003*"series" + 0.003*"design" + 0.003*"run" + 0.003*"event" + 0.003*"house"
06-Feb-22 05:03:09 - gensim.models.ldamodel INFO topic diff=0.225010, rho=0.353553
06-Feb-22 05:03:09 - gensim.models.ldamodel INFO -7.401 per-word bound, 169.0 perplexity estimate based on a held-out corpus of 96 documents with 7671 words
06-Feb-22 05:03:09 - gensim.models.ldamulticore INFO PROGRESS: pass 1, dispatched chunk #0 = documents up to #100/996, outstanding queue size 1
06-Feb-22 05:03:09 - gensim.models.ldamulticore INFO PROGRESS: pass 1, dispatched chunk #1 = documents up to #200/996, outstanding queue size 2
06-Feb-22 05:03:09 - gensim.models.ldamulticore INFO PROGRESS: pass 1, dispatched chunk #2 = documents up to #300/996, outstanding queue size 3
06-Feb-22 05:03:09 - gensim.models.ldamulticore INFO PROGRESS: pass 1, dispatched chunk #3 = documents up to #400/996, outstanding queue size 4
06-Feb-22 05:03:09 - gensim.models.ldamulticore INFO PROGRESS: pass 1, dispatched chunk #4 = documents up to #500/996, outstanding queue size 5
06-Feb-22 05:03:09 - gensim.models.ldamulticore INFO PROGRESS: pass 1, dispatched chunk #5 = documents up to #600/996, outstanding queue size 6
06-Feb-22 05:03:09 - gensim.models.ldamulticore INFO PROGRESS: pass 1, dispatched chunk #6 = documents up to #700/996, outstanding queue size 7
06-Feb-22 05:03:09 - gensim.models.ldamulticore INFO PROGRESS: pass 1, dispatched chunk #7 = documents up to #800/996, outstanding queue size 8
06-Feb-22 05:03:09 - gensim.models.ldamulticore INFO PROGRESS: pass 1, dispatched chunk #8 = documents up to #900/996, outstanding queue size 9
06-Feb-22 05:03:09 - gensim.models.ldamulticore INFO PROGRESS: pass 1, dispatched chunk #9 = documents up to #996/996, outstanding queue size 10
06-Feb-22 05:03:09 - gensim.models.ldamodel INFO merging changes from 700 documents into a model of 996 documents
06-Feb-22 05:03:09 - gensim.models.ldamodel INFO topic #0 (0.200): 0.007*"film" + 0.006*"game" + 0.005*"season" + 0.005*"event" + 0.005*"star" + 0.004*"study" + 0.004*"district" + 0.004*"student" + 0.004*"station" + 0.004*"sport"
06-Feb-22 05:03:09 - gensim.models.ldamodel INFO topic #1 (0.200): 0.006*"building" + 0.005*"child" + 0.005*"club" + 0.004*"design" + 0.004*"season" + 0.004*"program" + 0.003*"house" + 0.003*"football" + 0.003*"university" + 0.003*"player"
06-Feb-22 05:03:09 - gensim.models.ldamodel INFO topic #2 (0.200): 0.010*"game" + 0.008*"album" + 0.007*"song" + 0.005*"band" + 0.005*"music" + 0.005*"player" + 0.004*"station" + 0.004*"season" + 0.003*"company" + 0.003*"event"
06-Feb-22 05:03:09 - gensim.models.ldamodel INFO topic #3 (0.200): 0.007*"film" + 0.004*"street" + 0.004*"company" + 0.004*"squadron" + 0.004*"story" + 0.004*"district" + 0.003*"book" + 0.003*"attack" + 0.003*"album" + 0.003*"art"
06-Feb-22 05:03:09 - gensim.models.ldamodel INFO topic #4 (0.200): 0.011*"game" + 0.006*"specie" + 0.004*"player" + 0.004*"station" + 0.004*"season" + 0.004*"series" + 0.003*"run" + 0.003*"design" + 0.003*"event" + 0.003*"cell"
06-Feb-22 05:03:09 - gensim.models.ldamodel INFO topic diff=0.138450, rho=0.289157
06-Feb-22 05:03:10 - gensim.models.ldamodel INFO -7.410 per-word bound, 170.1 perplexity estimate based on a held-out corpus of 96 documents with 7671 words
06-Feb-22 05:03:10 - gensim.models.ldamodel INFO merging changes from 296 documents into a model of 996 documents
06-Feb-22 05:03:10 - gensim.models.ldamodel INFO topic #0 (0.200): 0.007*"film" + 0.006*"game" + 0.006*"star" + 0.005*"event" + 0.005*"title" + 0.005*"season" + 0.004*"student" + 0.004*"lose" + 0.004*"final" + 0.004*"reach"
06-Feb-22 05:03:10 - gensim.models.ldamodel INFO topic #1 (0.200): 0.007*"building" + 0.005*"house" + 0.005*"town" + 0.004*"design" + 0.004*"child" + 0.004*"club" + 0.004*"district" + 0.004*"road" + 0.004*"season" + 0.003*"football"
06-Feb-22 05:03:10 - gensim.models.ldamodel INFO topic #2 (0.200): 0.012*"album" + 0.011*"game" + 0.010*"song" + 0.009*"band" + 0.006*"music" + 0.005*"player" + 0.004*"event" + 0.004*"track" + 0.004*"character" + 0.004*"season"
06-Feb-22 05:03:10 - gensim.models.ldamodel INFO topic #3 (0.200): 0.009*"film" + 0.007*"squadron" + 0.005*"company" + 0.004*"book" + 0.004*"attack" + 0.004*"street" + 0.004*"story" + 0.003*"district" + 0.003*"british" + 0.003*"art"
06-Feb-22 05:03:10 - gensim.models.ldamodel INFO topic #4 (0.200): 0.015*"game" + 0.005*"specie" + 0.005*"station" + 0.005*"season" + 0.004*"bridge" + 0.004*"design" + 0.004*"air" + 0.004*"week" + 0.004*"ship" + 0.004*"series"
06-Feb-22 05:03:10 - gensim.models.ldamodel INFO topic diff=0.202638, rho=0.289157
06-Feb-22 05:03:10 - gensim.models.ldamodel INFO -7.233 per-word bound, 150.5 perplexity estimate based on a held-out corpus of 96 documents with 7671 words
06-Feb-22 05:03:10 - gensim.models.ldamulticore INFO PROGRESS: pass 2, dispatched chunk #0 = documents up to #100/996, outstanding queue size 1
06-Feb-22 05:03:10 - gensim.models.ldamulticore INFO PROGRESS: pass 2, dispatched chunk #1 = documents up to #200/996, outstanding queue size 2
06-Feb-22 05:03:10 - gensim.models.ldamulticore INFO PROGRESS: pass 2, dispatched chunk #2 = documents up to #300/996, outstanding queue size 3
06-Feb-22 05:03:10 - gensim.models.ldamulticore INFO PROGRESS: pass 2, dispatched chunk #3 = documents up to #400/996, outstanding queue size 4
06-Feb-22 05:03:10 - gensim.models.ldamulticore INFO PROGRESS: pass 2, dispatched chunk #4 = documents up to #500/996, outstanding queue size 5
06-Feb-22 05:03:10 - gensim.models.ldamulticore INFO PROGRESS: pass 2, dispatched chunk #5 = documents up to #600/996, outstanding queue size 6
06-Feb-22 05:03:10 - gensim.models.ldamulticore INFO PROGRESS: pass 2, dispatched chunk #6 = documents up to #700/996, outstanding queue size 7
06-Feb-22 05:03:10 - gensim.models.ldamulticore INFO PROGRESS: pass 2, dispatched chunk #7 = documents up to #800/996, outstanding queue size 8
06-Feb-22 05:03:10 - gensim.models.ldamulticore INFO PROGRESS: pass 2, dispatched chunk #8 = documents up to #900/996, outstanding queue size 9
06-Feb-22 05:03:10 - gensim.models.ldamulticore INFO PROGRESS: pass 2, dispatched chunk #9 = documents up to #996/996, outstanding queue size 10
06-Feb-22 05:03:10 - gensim.models.ldamodel INFO merging changes from 700 documents into a model of 996 documents
06-Feb-22 05:03:10 - gensim.models.ldamodel INFO topic #0 (0.200): 0.007*"film" + 0.006*"event" + 0.006*"star" + 0.005*"student" + 0.005*"study" + 0.005*"game" + 0.005*"sport" + 0.005*"title" + 0.004*"season" + 0.004*"research"
06-Feb-22 05:03:10 - gensim.models.ldamodel INFO topic #1 (0.200): 0.007*"building" + 0.005*"child" + 0.005*"house" + 0.005*"town" + 0.005*"district" + 0.005*"club" + 0.004*"design" + 0.004*"road" + 0.004*"station" + 0.004*"church"
06-Feb-22 05:03:10 - gensim.models.ldamodel INFO topic #2 (0.200): 0.012*"game" + 0.011*"album" + 0.011*"song" + 0.009*"band" + 0.007*"music" + 0.006*"player" + 0.004*"character" + 0.004*"event" + 0.004*"tour" + 0.004*"season"
06-Feb-22 05:03:10 - gensim.models.ldamodel INFO topic #3 (0.200): 0.008*"film" + 0.006*"squadron" + 0.006*"company" + 0.004*"attack" + 0.004*"book" + 0.004*"street" + 0.004*"story" + 0.004*"british" + 0.004*"district" + 0.003*"art"
06-Feb-22 05:03:10 - gensim.models.ldamodel INFO topic #4 (0.200): 0.013*"game" + 0.008*"specie" + 0.005*"season" + 0.005*"station" + 0.004*"ship" + 0.004*"water" + 0.004*"air" + 0.004*"design" + 0.004*"room" + 0.004*"bridge"
06-Feb-22 05:03:10 - gensim.models.ldamodel INFO topic diff=0.145115, rho=0.277778
06-Feb-22 05:03:10 - gensim.models.ldamodel INFO -7.267 per-word bound, 154.1 perplexity estimate based on a held-out corpus of 96 documents with 7671 words
06-Feb-22 05:03:10 - gensim.models.ldamodel INFO merging changes from 296 documents into a model of 996 documents
06-Feb-22 05:03:10 - gensim.models.ldamodel INFO topic #0 (0.200): 0.007*"film" + 0.007*"game" + 0.007*"season" + 0.006*"event" + 0.006*"star" + 0.006*"title" + 0.006*"lose" + 0.005*"final" + 0.005*"tournament" + 0.005*"student"
06-Feb-22 05:03:10 - gensim.models.ldamodel INFO topic #1 (0.200): 0.009*"building" + 0.006*"house" + 0.005*"district" + 0.005*"design" + 0.005*"town" + 0.005*"station" + 0.004*"club" + 0.004*"road" + 0.004*"child" + 0.004*"church"
06-Feb-22 05:03:10 - gensim.models.ldamodel INFO topic #2 (0.200): 0.016*"album" + 0.013*"game" + 0.012*"song" + 0.011*"band" + 0.008*"music" + 0.006*"player" + 0.005*"track" + 0.004*"character" + 0.004*"chart" + 0.004*"event"
06-Feb-22 05:03:10 - gensim.models.ldamodel INFO topic #3 (0.200): 0.009*"film" + 0.008*"squadron" + 0.005*"attack" + 0.005*"company" + 0.005*"story" + 0.004*"book" + 0.004*"order" + 0.004*"army" + 0.004*"british" + 0.003*"son"
06-Feb-22 05:03:10 - gensim.models.ldamodel INFO topic #4 (0.200): 0.017*"game" + 0.006*"specie" + 0.006*"bridge" + 0.005*"station" + 0.005*"week" + 0.005*"season" + 0.005*"baseball" + 0.004*"island" + 0.004*"design" + 0.004*"air"
06-Feb-22 05:03:10 - gensim.models.ldamodel INFO topic diff=0.216137, rho=0.277778
06-Feb-22 05:03:10 - gensim.models.ldamodel INFO -7.133 per-word bound, 140.4 perplexity estimate based on a held-out corpus of 96 documents with 7671 words
06-Feb-22 05:03:10 - gensim.models.ldamulticore INFO PROGRESS: pass 3, dispatched chunk #0 = documents up to #100/996, outstanding queue size 1
06-Feb-22 05:03:10 - gensim.models.ldamulticore INFO PROGRESS: pass 3, dispatched chunk #1 = documents up to #200/996, outstanding queue size 2
06-Feb-22 05:03:10 - gensim.models.ldamulticore INFO PROGRESS: pass 3, dispatched chunk #2 = documents up to #300/996, outstanding queue size 3
06-Feb-22 05:03:10 - gensim.models.ldamulticore INFO PROGRESS: pass 3, dispatched chunk #3 = documents up to #400/996, outstanding queue size 4
06-Feb-22 05:03:10 - gensim.models.ldamulticore INFO PROGRESS: pass 3, dispatched chunk #4 = documents up to #500/996, outstanding queue size 5
06-Feb-22 05:03:10 - gensim.models.ldamulticore INFO PROGRESS: pass 3, dispatched chunk #5 = documents up to #600/996, outstanding queue size 6
06-Feb-22 05:03:10 - gensim.models.ldamulticore INFO PROGRESS: pass 3, dispatched chunk #6 = documents up to #700/996, outstanding queue size 7
06-Feb-22 05:03:10 - gensim.models.ldamulticore INFO PROGRESS: pass 3, dispatched chunk #7 = documents up to #800/996, outstanding queue size 8
06-Feb-22 05:03:10 - gensim.models.ldamulticore INFO PROGRESS: pass 3, dispatched chunk #8 = documents up to #900/996, outstanding queue size 9
06-Feb-22 05:03:10 - gensim.models.ldamulticore INFO PROGRESS: pass 3, dispatched chunk #9 = documents up to #996/996, outstanding queue size 10
06-Feb-22 05:03:10 - gensim.models.ldamodel INFO merging changes from 700 documents into a model of 996 documents
06-Feb-22 05:03:10 - gensim.models.ldamodel INFO topic #0 (0.200): 0.008*"season" + 0.007*"game" + 0.007*"event" + 0.006*"film" + 0.006*"student" + 0.006*"star" + 0.005*"study" + 0.005*"sport" + 0.005*"tournament" + 0.005*"research"
06-Feb-22 05:03:10 - gensim.models.ldamodel INFO topic #1 (0.200): 0.008*"building" + 0.007*"district" + 0.006*"station" + 0.006*"house" + 0.006*"railway" + 0.005*"child" + 0.005*"design" + 0.005*"church" + 0.005*"road" + 0.005*"meet"
06-Feb-22 05:03:10 - gensim.models.ldamodel INFO topic #2 (0.200): 0.016*"album" + 0.013*"game" + 0.013*"song" + 0.011*"band" + 0.009*"music" + 0.007*"player" + 0.005*"character" + 0.005*"track" + 0.004*"tour" + 0.004*"chart"
06-Feb-22 05:03:10 - gensim.models.ldamodel INFO topic #3 (0.200): 0.009*"film" + 0.006*"squadron" + 0.006*"company" + 0.005*"attack" + 0.005*"story" + 0.004*"book" + 0.004*"battle" + 0.004*"order" + 0.004*"war" + 0.004*"son"
06-Feb-22 05:03:10 - gensim.models.ldamodel INFO topic #4 (0.200): 0.015*"game" + 0.009*"specie" + 0.005*"station" + 0.005*"bridge" + 0.005*"cell" + 0.004*"season" + 0.004*"island" + 0.004*"water" + 0.004*"baseball" + 0.004*"week"
06-Feb-22 05:03:10 - gensim.models.ldamodel INFO topic diff=0.151150, rho=0.267644
06-Feb-22 05:03:10 - gensim.models.ldamodel INFO -7.175 per-word bound, 144.5 perplexity estimate based on a held-out corpus of 96 documents with 7671 words
06-Feb-22 05:03:10 - gensim.models.ldamodel INFO merging changes from 296 documents into a model of 996 documents
06-Feb-22 05:03:10 - gensim.models.ldamodel INFO topic #0 (0.200): 0.008*"season" + 0.007*"event" + 0.007*"final" + 0.007*"star" + 0.007*"game" + 0.007*"film" + 0.006*"title" + 0.006*"lose" + 0.006*"student" + 0.006*"tournament"
06-Feb-22 05:03:10 - gensim.models.ldamodel INFO topic #1 (0.200): 0.009*"building" + 0.008*"house" + 0.007*"district" + 0.006*"town" + 0.006*"station" + 0.005*"railway" + 0.005*"church" + 0.005*"design" + 0.005*"road" + 0.005*"north"
06-Feb-22 05:03:10 - gensim.models.ldamodel INFO topic #2 (0.200): 0.017*"album" + 0.014*"song" + 0.013*"game" + 0.013*"band" + 0.009*"music" + 0.006*"player" + 0.005*"track" + 0.005*"character" + 0.005*"chart" + 0.005*"tour"
06-Feb-22 05:03:10 - gensim.models.ldamodel INFO topic #3 (0.200): 0.010*"film" + 0.008*"squadron" + 0.006*"attack" + 0.006*"company" + 0.005*"book" + 0.005*"story" + 0.005*"british" + 0.004*"order" + 0.004*"army" + 0.004*"war"
06-Feb-22 05:03:10 - gensim.models.ldamodel INFO topic #4 (0.200): 0.018*"game" + 0.008*"specie" + 0.006*"bridge" + 0.006*"baseball" + 0.006*"week" + 0.005*"air" + 0.005*"season" + 0.005*"station" + 0.005*"island" + 0.005*"water"
06-Feb-22 05:03:10 - gensim.models.ldamodel INFO topic diff=0.191905, rho=0.267644
06-Feb-22 05:03:10 - gensim.models.ldamodel INFO -7.076 per-word bound, 134.9 perplexity estimate based on a held-out corpus of 96 documents with 7671 words
06-Feb-22 05:03:10 - gensim.models.ldamulticore INFO PROGRESS: pass 4, dispatched chunk #0 = documents up to #100/996, outstanding queue size 1
06-Feb-22 05:03:10 - gensim.models.ldamulticore INFO PROGRESS: pass 4, dispatched chunk #1 = documents up to #200/996, outstanding queue size 2
06-Feb-22 05:03:10 - gensim.models.ldamulticore INFO PROGRESS: pass 4, dispatched chunk #2 = documents up to #300/996, outstanding queue size 3
06-Feb-22 05:03:10 - gensim.models.ldamulticore INFO PROGRESS: pass 4, dispatched chunk #3 = documents up to #400/996, outstanding queue size 4
06-Feb-22 05:03:10 - gensim.models.ldamulticore INFO PROGRESS: pass 4, dispatched chunk #4 = documents up to #500/996, outstanding queue size 5
06-Feb-22 05:03:10 - gensim.models.ldamulticore INFO PROGRESS: pass 4, dispatched chunk #5 = documents up to #600/996, outstanding queue size 6
06-Feb-22 05:03:10 - gensim.models.ldamulticore INFO PROGRESS: pass 4, dispatched chunk #6 = documents up to #700/996, outstanding queue size 7
06-Feb-22 05:03:10 - gensim.models.ldamulticore INFO PROGRESS: pass 4, dispatched chunk #7 = documents up to #800/996, outstanding queue size 8
06-Feb-22 05:03:10 - gensim.models.ldamulticore INFO PROGRESS: pass 4, dispatched chunk #8 = documents up to #900/996, outstanding queue size 9
06-Feb-22 05:03:10 - gensim.models.ldamulticore INFO PROGRESS: pass 4, dispatched chunk #9 = documents up to #996/996, outstanding queue size 10
06-Feb-22 05:03:10 - gensim.models.ldamodel INFO merging changes from 700 documents into a model of 996 documents
06-Feb-22 05:03:10 - gensim.models.ldamodel INFO topic #0 (0.200): 0.009*"season" + 0.007*"event" + 0.007*"game" + 0.006*"student" + 0.006*"final" + 0.006*"star" + 0.006*"study" + 0.006*"tournament" + 0.006*"sport" + 0.005*"film"
06-Feb-22 05:03:10 - gensim.models.ldamodel INFO topic #1 (0.200): 0.009*"building" + 0.008*"district" + 0.007*"station" + 0.007*"house" + 0.006*"railway" + 0.006*"town" + 0.005*"church" + 0.005*"child" + 0.005*"meet" + 0.005*"road"
06-Feb-22 05:03:10 - gensim.models.ldamodel INFO topic #2 (0.200): 0.017*"album" + 0.014*"game" + 0.014*"song" + 0.012*"band" + 0.010*"music" + 0.007*"player" + 0.006*"character" + 0.005*"track" + 0.005*"tour" + 0.005*"chart"
06-Feb-22 05:03:10 - gensim.models.ldamodel INFO topic #3 (0.200): 0.010*"film" + 0.007*"squadron" + 0.006*"company" + 0.006*"attack" + 0.005*"story" + 0.004*"book" + 0.004*"battle" + 0.004*"war" + 0.004*"son" + 0.004*"order"
06-Feb-22 05:03:10 - gensim.models.ldamodel INFO topic #4 (0.200): 0.016*"game" + 0.011*"specie" + 0.005*"bridge" + 0.005*"cell" + 0.005*"water" + 0.005*"baseball" + 0.005*"air" + 0.005*"island" + 0.005*"season" + 0.004*"week"
06-Feb-22 05:03:10 - gensim.models.ldamodel INFO topic diff=0.152147, rho=0.258544
06-Feb-22 05:03:10 - gensim.models.ldamodel INFO -7.120 per-word bound, 139.1 perplexity estimate based on a held-out corpus of 96 documents with 7671 words
06-Feb-22 05:03:10 - gensim.models.ldamodel INFO merging changes from 296 documents into a model of 996 documents
06-Feb-22 05:03:10 - gensim.models.ldamodel INFO topic #0 (0.200): 0.009*"season" + 0.008*"final" + 0.008*"event" + 0.007*"star" + 0.007*"lose" + 0.007*"game" + 0.007*"title" + 0.007*"student" + 0.006*"round" + 0.006*"tournament"
06-Feb-22 05:03:10 - gensim.models.ldamodel INFO topic #1 (0.200): 0.009*"building" + 0.009*"house" + 0.008*"district" + 0.008*"station" + 0.007*"town" + 0.006*"railway" + 0.005*"church" + 0.005*"road" + 0.005*"design" + 0.005*"north"
06-Feb-22 05:03:10 - gensim.models.ldamodel INFO topic #2 (0.200): 0.018*"album" + 0.014*"song" + 0.014*"band" + 0.014*"game" + 0.010*"music" + 0.007*"player" + 0.006*"character" + 0.005*"track" + 0.005*"tour" + 0.005*"chart"
06-Feb-22 05:03:10 - gensim.models.ldamodel INFO topic #3 (0.200): 0.011*"film" + 0.008*"squadron" + 0.006*"attack" + 0.006*"company" + 0.005*"british" + 0.005*"book" + 0.005*"story" + 0.004*"war" + 0.004*"order" + 0.004*"army"
06-Feb-22 05:03:10 - gensim.models.ldamodel INFO topic #4 (0.200): 0.019*"game" + 0.010*"specie" + 0.007*"bridge" + 0.006*"baseball" + 0.006*"air" + 0.006*"week" + 0.005*"water" + 0.005*"season" + 0.005*"island" + 0.005*"cell"
06-Feb-22 05:03:10 - gensim.models.ldamodel INFO topic diff=0.184800, rho=0.258544
06-Feb-22 05:03:11 - gensim.models.ldamodel INFO -7.039 per-word bound, 131.5 perplexity estimate based on a held-out corpus of 96 documents with 7671 words
06-Feb-22 05:03:11 - gensim.models.ldamulticore INFO PROGRESS: pass 5, dispatched chunk #0 = documents up to #100/996, outstanding queue size 1
06-Feb-22 05:03:11 - gensim.models.ldamulticore INFO PROGRESS: pass 5, dispatched chunk #1 = documents up to #200/996, outstanding queue size 2
06-Feb-22 05:03:11 - gensim.models.ldamulticore INFO PROGRESS: pass 5, dispatched chunk #2 = documents up to #300/996, outstanding queue size 3
06-Feb-22 05:03:11 - gensim.models.ldamulticore INFO PROGRESS: pass 5, dispatched chunk #3 = documents up to #400/996, outstanding queue size 4
06-Feb-22 05:03:11 - gensim.models.ldamulticore INFO PROGRESS: pass 5, dispatched chunk #4 = documents up to #500/996, outstanding queue size 5
06-Feb-22 05:03:11 - gensim.models.ldamulticore INFO PROGRESS: pass 5, dispatched chunk #5 = documents up to #600/996, outstanding queue size 6
06-Feb-22 05:03:11 - gensim.models.ldamulticore INFO PROGRESS: pass 5, dispatched chunk #6 = documents up to #700/996, outstanding queue size 7
06-Feb-22 05:03:11 - gensim.models.ldamulticore INFO PROGRESS: pass 5, dispatched chunk #7 = documents up to #800/996, outstanding queue size 8
06-Feb-22 05:03:11 - gensim.models.ldamulticore INFO PROGRESS: pass 5, dispatched chunk #8 = documents up to #900/996, outstanding queue size 9
06-Feb-22 05:03:11 - gensim.models.ldamulticore INFO PROGRESS: pass 5, dispatched chunk #9 = documents up to #996/996, outstanding queue size 10
06-Feb-22 05:03:11 - gensim.models.ldamodel INFO merging changes from 700 documents into a model of 996 documents
06-Feb-22 05:03:11 - gensim.models.ldamodel INFO topic #0 (0.200): 0.009*"season" + 0.008*"event" + 0.007*"game" + 0.007*"student" + 0.007*"final" + 0.006*"study" + 0.006*"star" + 0.006*"tournament" + 0.006*"player" + 0.006*"sport"
06-Feb-22 05:03:11 - gensim.models.ldamodel INFO topic #1 (0.200): 0.009*"district" + 0.009*"building" + 0.009*"station" + 0.008*"house" + 0.007*"railway" + 0.006*"town" + 0.006*"church" + 0.006*"street" + 0.006*"meet" + 0.005*"population"
06-Feb-22 05:03:11 - gensim.models.ldamodel INFO topic #2 (0.200): 0.017*"album" + 0.014*"song" + 0.014*"game" + 0.013*"band" + 0.010*"music" + 0.007*"player" + 0.006*"character" + 0.005*"tour" + 0.005*"track" + 0.005*"chart"
06-Feb-22 05:03:11 - gensim.models.ldamodel INFO topic #3 (0.200): 0.010*"film" + 0.007*"squadron" + 0.007*"company" + 0.006*"attack" + 0.005*"story" + 0.005*"british" + 0.005*"war" + 0.005*"battle" + 0.005*"book" + 0.005*"son"
06-Feb-22 05:03:11 - gensim.models.ldamodel INFO topic #4 (0.200): 0.016*"game" + 0.012*"specie" + 0.006*"bridge" + 0.006*"air" + 0.005*"water" + 0.005*"cell" + 0.005*"baseball" + 0.005*"island" + 0.005*"week" + 0.005*"season"
06-Feb-22 05:03:11 - gensim.models.ldamodel INFO topic diff=0.151761, rho=0.250313
06-Feb-22 05:03:11 - gensim.models.ldamodel INFO -7.085 per-word bound, 135.8 perplexity estimate based on a held-out corpus of 96 documents with 7671 words
06-Feb-22 05:03:11 - gensim.models.ldamodel INFO merging changes from 296 documents into a model of 996 documents
06-Feb-22 05:03:11 - gensim.models.ldamodel INFO topic #0 (0.200): 0.010*"season" + 0.008*"final" + 0.008*"event" + 0.007*"star" + 0.007*"student" + 0.007*"lose" + 0.007*"game" + 0.007*"title" + 0.007*"round" + 0.007*"tournament"
06-Feb-22 05:03:11 - gensim.models.ldamodel INFO topic #1 (0.200): 0.010*"house" + 0.009*"building" + 0.009*"district" + 0.009*"station" + 0.008*"town" + 0.006*"railway" + 0.006*"church" + 0.006*"street" + 0.005*"road" + 0.005*"north"
06-Feb-22 05:03:11 - gensim.models.ldamodel INFO topic #2 (0.200): 0.018*"album" + 0.015*"song" + 0.014*"band" + 0.014*"game" + 0.011*"music" + 0.007*"player" + 0.006*"character" + 0.005*"track" + 0.005*"tour" + 0.005*"chart"
06-Feb-22 05:03:11 - gensim.models.ldamodel INFO topic #3 (0.200): 0.011*"film" + 0.008*"squadron" + 0.007*"attack" + 0.006*"company" + 0.005*"british" + 0.005*"book" + 0.005*"war" + 0.005*"son" + 0.005*"order" + 0.005*"army"
06-Feb-22 05:03:11 - gensim.models.ldamodel INFO topic #4 (0.200): 0.019*"game" + 0.011*"specie" + 0.007*"bridge" + 0.007*"baseball" + 0.007*"air" + 0.007*"week" + 0.006*"water" + 0.005*"island" + 0.005*"season" + 0.005*"cell"
06-Feb-22 05:03:11 - gensim.models.ldamodel INFO topic diff=0.177522, rho=0.250313
06-Feb-22 05:03:11 - gensim.models.ldamodel INFO -7.015 per-word bound, 129.3 perplexity estimate based on a held-out corpus of 96 documents with 7671 words
06-Feb-22 05:03:11 - gensim.models.ldamulticore INFO PROGRESS: pass 6, dispatched chunk #0 = documents up to #100/996, outstanding queue size 1
06-Feb-22 05:03:11 - gensim.models.ldamulticore INFO PROGRESS: pass 6, dispatched chunk #1 = documents up to #200/996, outstanding queue size 2
06-Feb-22 05:03:11 - gensim.models.ldamulticore INFO PROGRESS: pass 6, dispatched chunk #2 = documents up to #300/996, outstanding queue size 3
06-Feb-22 05:03:11 - gensim.models.ldamulticore INFO PROGRESS: pass 6, dispatched chunk #3 = documents up to #400/996, outstanding queue size 4
06-Feb-22 05:03:11 - gensim.models.ldamulticore INFO PROGRESS: pass 6, dispatched chunk #4 = documents up to #500/996, outstanding queue size 5
06-Feb-22 05:03:11 - gensim.models.ldamulticore INFO PROGRESS: pass 6, dispatched chunk #5 = documents up to #600/996, outstanding queue size 6
06-Feb-22 05:03:11 - gensim.models.ldamulticore INFO PROGRESS: pass 6, dispatched chunk #6 = documents up to #700/996, outstanding queue size 7
06-Feb-22 05:03:11 - gensim.models.ldamulticore INFO PROGRESS: pass 6, dispatched chunk #7 = documents up to #800/996, outstanding queue size 8
06-Feb-22 05:03:11 - gensim.models.ldamulticore INFO PROGRESS: pass 6, dispatched chunk #8 = documents up to #900/996, outstanding queue size 9
06-Feb-22 05:03:11 - gensim.models.ldamulticore INFO PROGRESS: pass 6, dispatched chunk #9 = documents up to #996/996, outstanding queue size 10
06-Feb-22 05:03:11 - gensim.models.ldamodel INFO merging changes from 700 documents into a model of 996 documents
06-Feb-22 05:03:11 - gensim.models.ldamodel INFO topic #0 (0.200): 0.010*"season" + 0.008*"event" + 0.007*"game" + 0.007*"student" + 0.007*"final" + 0.006*"player" + 0.006*"study" + 0.006*"tournament" + 0.006*"star" + 0.006*"sport"
06-Feb-22 05:03:11 - gensim.models.ldamodel INFO topic #1 (0.200): 0.010*"district" + 0.010*"station" + 0.009*"building" + 0.009*"house" + 0.007*"railway" + 0.007*"town" + 0.006*"church" + 0.006*"street" + 0.006*"population" + 0.006*"meet"
06-Feb-22 05:03:11 - gensim.models.ldamodel INFO topic #2 (0.200): 0.017*"album" + 0.015*"song" + 0.014*"game" + 0.014*"band" + 0.011*"music" + 0.007*"player" + 0.007*"character" + 0.006*"tour" + 0.005*"track" + 0.005*"series"
06-Feb-22 05:03:11 - gensim.models.ldamodel INFO topic #3 (0.200): 0.011*"film" + 0.007*"squadron" + 0.007*"company" + 0.007*"attack" + 0.005*"british" + 0.005*"war" + 0.005*"battle" + 0.005*"son" + 0.005*"story" + 0.005*"book"
06-Feb-22 05:03:11 - gensim.models.ldamodel INFO topic #4 (0.200): 0.016*"game" + 0.013*"specie" + 0.006*"bridge" + 0.006*"air" + 0.006*"water" + 0.006*"baseball" + 0.006*"cell" + 0.005*"island" + 0.005*"week" + 0.004*"network"
06-Feb-22 05:03:11 - gensim.models.ldamodel INFO topic diff=0.149365, rho=0.242821
06-Feb-22 05:03:11 - gensim.models.ldamodel INFO -7.061 per-word bound, 133.5 perplexity estimate based on a held-out corpus of 96 documents with 7671 words
06-Feb-22 05:03:11 - gensim.models.ldamodel INFO merging changes from 296 documents into a model of 996 documents
06-Feb-22 05:03:11 - gensim.models.ldamodel INFO topic #0 (0.200): 0.010*"season" + 0.008*"final" + 0.008*"event" + 0.007*"student" + 0.007*"round" + 0.007*"game" + 0.007*"star" + 0.007*"lose" + 0.007*"title" + 0.007*"tournament"
06-Feb-22 05:03:11 - gensim.models.ldamodel INFO topic #1 (0.200): 0.010*"house" + 0.010*"station" + 0.010*"district" + 0.010*"building" + 0.008*"town" + 0.007*"railway" + 0.006*"church" + 0.006*"street" + 0.006*"population" + 0.005*"road"
06-Feb-22 05:03:11 - gensim.models.ldamodel INFO topic #2 (0.200): 0.018*"album" + 0.015*"song" + 0.015*"band" + 0.014*"game" + 0.011*"music" + 0.006*"character" + 0.006*"player" + 0.006*"tour" + 0.005*"track" + 0.005*"chart"
06-Feb-22 05:03:11 - gensim.models.ldamodel INFO topic #3 (0.200): 0.012*"film" + 0.009*"squadron" + 0.007*"attack" + 0.007*"company" + 0.006*"british" + 0.005*"book" + 0.005*"war" + 0.005*"son" + 0.005*"order" + 0.005*"force"
06-Feb-22 05:03:11 - gensim.models.ldamodel INFO topic #4 (0.200): 0.020*"game" + 0.012*"specie" + 0.008*"bridge" + 0.007*"air" + 0.007*"baseball" + 0.007*"week" + 0.006*"water" + 0.006*"island" + 0.005*"cell" + 0.005*"network"
06-Feb-22 05:03:11 - gensim.models.ldamodel INFO topic diff=0.170210, rho=0.242821
06-Feb-22 05:03:11 - gensim.models.ldamodel INFO -6.997 per-word bound, 127.7 perplexity estimate based on a held-out corpus of 96 documents with 7671 words
06-Feb-22 05:03:11 - gensim.models.ldamulticore INFO PROGRESS: pass 7, dispatched chunk #0 = documents up to #100/996, outstanding queue size 1
06-Feb-22 05:03:11 - gensim.models.ldamulticore INFO PROGRESS: pass 7, dispatched chunk #1 = documents up to #200/996, outstanding queue size 2
06-Feb-22 05:03:11 - gensim.models.ldamulticore INFO PROGRESS: pass 7, dispatched chunk #2 = documents up to #300/996, outstanding queue size 3
06-Feb-22 05:03:11 - gensim.models.ldamulticore INFO PROGRESS: pass 7, dispatched chunk #3 = documents up to #400/996, outstanding queue size 4
06-Feb-22 05:03:11 - gensim.models.ldamulticore INFO PROGRESS: pass 7, dispatched chunk #4 = documents up to #500/996, outstanding queue size 5
06-Feb-22 05:03:11 - gensim.models.ldamulticore INFO PROGRESS: pass 7, dispatched chunk #5 = documents up to #600/996, outstanding queue size 6
06-Feb-22 05:03:11 - gensim.models.ldamulticore INFO PROGRESS: pass 7, dispatched chunk #6 = documents up to #700/996, outstanding queue size 7
06-Feb-22 05:03:11 - gensim.models.ldamulticore INFO PROGRESS: pass 7, dispatched chunk #7 = documents up to #800/996, outstanding queue size 8
06-Feb-22 05:03:11 - gensim.models.ldamulticore INFO PROGRESS: pass 7, dispatched chunk #8 = documents up to #900/996, outstanding queue size 9
06-Feb-22 05:03:11 - gensim.models.ldamulticore INFO PROGRESS: pass 7, dispatched chunk #9 = documents up to #996/996, outstanding queue size 10
06-Feb-22 05:03:11 - gensim.models.ldamodel INFO merging changes from 700 documents into a model of 996 documents
06-Feb-22 05:03:11 - gensim.models.ldamodel INFO topic #0 (0.200): 0.011*"season" + 0.008*"event" + 0.008*"game" + 0.008*"student" + 0.007*"final" + 0.007*"player" + 0.007*"study" + 0.006*"tournament" + 0.006*"star" + 0.006*"round"
06-Feb-22 05:03:11 - gensim.models.ldamodel INFO topic #1 (0.200): 0.010*"station" + 0.010*"district" + 0.009*"house" + 0.009*"building" + 0.008*"railway" + 0.007*"town" + 0.006*"street" + 0.006*"church" + 0.006*"population" + 0.006*"meet"
06-Feb-22 05:03:11 - gensim.models.ldamodel INFO topic #2 (0.200): 0.017*"album" + 0.015*"song" + 0.014*"game" + 0.014*"band" + 0.011*"music" + 0.007*"character" + 0.007*"player" + 0.006*"tour" + 0.005*"series" + 0.005*"track"
06-Feb-22 05:03:11 - gensim.models.ldamodel INFO topic #3 (0.200): 0.011*"film" + 0.007*"squadron" + 0.007*"company" + 0.007*"attack" + 0.005*"british" + 0.005*"war" + 0.005*"son" + 0.005*"battle" + 0.005*"book" + 0.005*"order"
06-Feb-22 05:03:11 - gensim.models.ldamodel INFO topic #4 (0.200): 0.017*"game" + 0.013*"specie" + 0.007*"bridge" + 0.006*"air" + 0.006*"water" + 0.006*"baseball" + 0.006*"cell" + 0.006*"week" + 0.006*"island" + 0.005*"network"
06-Feb-22 05:03:11 - gensim.models.ldamodel INFO topic diff=0.145413, rho=0.235965
06-Feb-22 05:03:11 - gensim.models.ldamodel INFO -7.042 per-word bound, 131.8 perplexity estimate based on a held-out corpus of 96 documents with 7671 words
06-Feb-22 05:03:11 - gensim.models.ldamodel INFO merging changes from 296 documents into a model of 996 documents
06-Feb-22 05:03:11 - gensim.models.ldamodel INFO topic #0 (0.200): 0.011*"season" + 0.008*"final" + 0.008*"event" + 0.008*"student" + 0.008*"round" + 0.008*"game" + 0.007*"lose" + 0.007*"player" + 0.007*"title" + 0.007*"star"
06-Feb-22 05:03:11 - gensim.models.ldamodel INFO topic #1 (0.200): 0.011*"house" + 0.010*"station" + 0.010*"district" + 0.010*"building" + 0.009*"town" + 0.007*"railway" + 0.006*"church" + 0.006*"street" + 0.006*"population" + 0.006*"park"
06-Feb-22 05:03:11 - gensim.models.ldamodel INFO topic #2 (0.200): 0.018*"album" + 0.015*"song" + 0.015*"band" + 0.014*"game" + 0.011*"music" + 0.007*"character" + 0.006*"player" + 0.006*"tour" + 0.006*"track" + 0.005*"event"
06-Feb-22 05:03:11 - gensim.models.ldamodel INFO topic #3 (0.200): 0.012*"film" + 0.009*"squadron" + 0.007*"attack" + 0.007*"company" + 0.006*"british" + 0.005*"book" + 0.005*"war" + 0.005*"son" + 0.005*"order" + 0.005*"force"
06-Feb-22 05:03:11 - gensim.models.ldamodel INFO topic #4 (0.200): 0.020*"game" + 0.012*"specie" + 0.008*"bridge" + 0.007*"air" + 0.007*"baseball" + 0.007*"week" + 0.006*"water" + 0.006*"island" + 0.005*"network" + 0.005*"cell"
06-Feb-22 05:03:11 - gensim.models.ldamodel INFO topic diff=0.162458, rho=0.235965
06-Feb-22 05:03:11 - gensim.models.ldamodel INFO -6.982 per-word bound, 126.5 perplexity estimate based on a held-out corpus of 96 documents with 7671 words
06-Feb-22 05:03:11 - gensim.models.ldamulticore INFO PROGRESS: pass 8, dispatched chunk #0 = documents up to #100/996, outstanding queue size 1
06-Feb-22 05:03:11 - gensim.models.ldamulticore INFO PROGRESS: pass 8, dispatched chunk #1 = documents up to #200/996, outstanding queue size 2
06-Feb-22 05:03:11 - gensim.models.ldamulticore INFO PROGRESS: pass 8, dispatched chunk #2 = documents up to #300/996, outstanding queue size 3
06-Feb-22 05:03:11 - gensim.models.ldamulticore INFO PROGRESS: pass 8, dispatched chunk #3 = documents up to #400/996, outstanding queue size 4
06-Feb-22 05:03:11 - gensim.models.ldamulticore INFO PROGRESS: pass 8, dispatched chunk #4 = documents up to #500/996, outstanding queue size 5
06-Feb-22 05:03:11 - gensim.models.ldamulticore INFO PROGRESS: pass 8, dispatched chunk #5 = documents up to #600/996, outstanding queue size 6
06-Feb-22 05:03:11 - gensim.models.ldamulticore INFO PROGRESS: pass 8, dispatched chunk #6 = documents up to #700/996, outstanding queue size 7
06-Feb-22 05:03:11 - gensim.models.ldamulticore INFO PROGRESS: pass 8, dispatched chunk #7 = documents up to #800/996, outstanding queue size 8
06-Feb-22 05:03:11 - gensim.models.ldamulticore INFO PROGRESS: pass 8, dispatched chunk #8 = documents up to #900/996, outstanding queue size 9
06-Feb-22 05:03:11 - gensim.models.ldamulticore INFO PROGRESS: pass 8, dispatched chunk #9 = documents up to #996/996, outstanding queue size 10
06-Feb-22 05:03:12 - gensim.models.ldamodel INFO merging changes from 700 documents into a model of 996 documents
06-Feb-22 05:03:12 - gensim.models.ldamodel INFO topic #0 (0.200): 0.011*"season" + 0.008*"game" + 0.008*"student" + 0.008*"event" + 0.007*"player" + 0.007*"final" + 0.007*"study" + 0.006*"football" + 0.006*"round" + 0.006*"tournament"
06-Feb-22 05:03:12 - gensim.models.ldamodel INFO topic #1 (0.200): 0.011*"station" + 0.011*"district" + 0.010*"house" + 0.009*"building" + 0.008*"town" + 0.008*"railway" + 0.007*"street" + 0.007*"church" + 0.007*"population" + 0.006*"meet"
06-Feb-22 05:03:12 - gensim.models.ldamodel INFO topic #2 (0.200): 0.018*"album" + 0.015*"song" + 0.014*"game" + 0.014*"band" + 0.011*"music" + 0.007*"character" + 0.006*"player" + 0.006*"tour" + 0.006*"series" + 0.005*"film"
06-Feb-22 05:03:12 - gensim.models.ldamodel INFO topic #3 (0.200): 0.011*"film" + 0.007*"squadron" + 0.007*"company" + 0.007*"attack" + 0.005*"british" + 0.005*"war" + 0.005*"son" + 0.005*"battle" + 0.005*"book" + 0.005*"order"
06-Feb-22 05:03:12 - gensim.models.ldamodel INFO topic #4 (0.200): 0.016*"game" + 0.014*"specie" + 0.007*"bridge" + 0.007*"air" + 0.006*"baseball" + 0.006*"water" + 0.006*"cell" + 0.006*"week" + 0.006*"island" + 0.005*"network"
06-Feb-22 05:03:12 - gensim.models.ldamodel INFO topic diff=0.139895, rho=0.229658
06-Feb-22 05:03:12 - gensim.models.ldamodel INFO -7.026 per-word bound, 130.4 perplexity estimate based on a held-out corpus of 96 documents with 7671 words
06-Feb-22 05:03:12 - gensim.models.ldamodel INFO merging changes from 296 documents into a model of 996 documents
06-Feb-22 05:03:12 - gensim.models.ldamodel INFO topic #0 (0.200): 0.012*"season" + 0.008*"final" + 0.008*"game" + 0.008*"student" + 0.008*"round" + 0.008*"event" + 0.008*"player" + 0.007*"lose" + 0.007*"match" + 0.007*"title"
06-Feb-22 05:03:12 - gensim.models.ldamodel INFO topic #1 (0.200): 0.011*"house" + 0.011*"station" + 0.011*"district" + 0.010*"building" + 0.009*"town" + 0.007*"railway" + 0.007*"church" + 0.006*"street" + 0.006*"population" + 0.006*"village"
06-Feb-22 05:03:12 - gensim.models.ldamodel INFO topic #2 (0.200): 0.018*"album" + 0.015*"song" + 0.015*"band" + 0.014*"game" + 0.011*"music" + 0.007*"character" + 0.006*"player" + 0.006*"tour" + 0.006*"track" + 0.006*"event"
06-Feb-22 05:03:12 - gensim.models.ldamodel INFO topic #3 (0.200): 0.012*"film" + 0.009*"squadron" + 0.007*"company" + 0.007*"attack" + 0.006*"british" + 0.005*"book" + 0.005*"war" + 0.005*"son" + 0.005*"order" + 0.005*"force"
06-Feb-22 05:03:12 - gensim.models.ldamodel INFO topic #4 (0.200): 0.019*"game" + 0.013*"specie" + 0.008*"bridge" + 0.007*"air" + 0.007*"week" + 0.007*"baseball" + 0.006*"water" + 0.006*"island" + 0.005*"network" + 0.005*"cell"
06-Feb-22 05:03:12 - gensim.models.ldamodel INFO topic diff=0.154024, rho=0.229658
06-Feb-22 05:03:12 - gensim.models.ldamodel INFO -6.969 per-word bound, 125.3 perplexity estimate based on a held-out corpus of 96 documents with 7671 words
06-Feb-22 05:03:12 - gensim.models.ldamulticore INFO PROGRESS: pass 9, dispatched chunk #0 = documents up to #100/996, outstanding queue size 1
06-Feb-22 05:03:12 - gensim.models.ldamulticore INFO PROGRESS: pass 9, dispatched chunk #1 = documents up to #200/996, outstanding queue size 2
06-Feb-22 05:03:12 - gensim.models.ldamulticore INFO PROGRESS: pass 9, dispatched chunk #2 = documents up to #300/996, outstanding queue size 3
06-Feb-22 05:03:12 - gensim.models.ldamulticore INFO PROGRESS: pass 9, dispatched chunk #3 = documents up to #400/996, outstanding queue size 4
06-Feb-22 05:03:12 - gensim.models.ldamulticore INFO PROGRESS: pass 9, dispatched chunk #4 = documents up to #500/996, outstanding queue size 5
06-Feb-22 05:03:12 - gensim.models.ldamulticore INFO PROGRESS: pass 9, dispatched chunk #5 = documents up to #600/996, outstanding queue size 6
06-Feb-22 05:03:12 - gensim.models.ldamulticore INFO PROGRESS: pass 9, dispatched chunk #6 = documents up to #700/996, outstanding queue size 7
06-Feb-22 05:03:12 - gensim.models.ldamulticore INFO PROGRESS: pass 9, dispatched chunk #7 = documents up to #800/996, outstanding queue size 8
06-Feb-22 05:03:12 - gensim.models.ldamulticore INFO PROGRESS: pass 9, dispatched chunk #8 = documents up to #900/996, outstanding queue size 9
06-Feb-22 05:03:12 - gensim.models.ldamulticore INFO PROGRESS: pass 9, dispatched chunk #9 = documents up to #996/996, outstanding queue size 10
06-Feb-22 05:03:12 - gensim.models.ldamodel INFO merging changes from 700 documents into a model of 996 documents
06-Feb-22 05:03:12 - gensim.models.ldamodel INFO topic #0 (0.200): 0.012*"season" + 0.008*"student" + 0.008*"event" + 0.007*"player" + 0.007*"final" + 0.007*"game" + 0.007*"study" + 0.007*"round" + 0.007*"match" + 0.007*"football"
06-Feb-22 05:03:12 - gensim.models.ldamodel INFO topic #1 (0.200): 0.011*"station" + 0.011*"district" + 0.010*"house" + 0.009*"building" + 0.009*"town" + 0.008*"railway" + 0.007*"street" + 0.007*"church" + 0.007*"population" + 0.006*"meet"
06-Feb-22 05:03:12 - gensim.models.ldamodel INFO topic #2 (0.200): 0.017*"album" + 0.015*"song" + 0.015*"band" + 0.014*"game" + 0.011*"music" + 0.007*"character" + 0.006*"film" + 0.006*"tour" + 0.006*"player" + 0.006*"series"
06-Feb-22 05:03:12 - gensim.models.ldamodel INFO topic #3 (0.200): 0.012*"film" + 0.007*"squadron" + 0.007*"company" + 0.007*"attack" + 0.006*"british" + 0.005*"war" + 0.005*"son" + 0.005*"book" + 0.005*"force" + 0.005*"battle"
06-Feb-22 05:03:12 - gensim.models.ldamodel INFO topic #4 (0.200): 0.016*"game" + 0.014*"specie" + 0.007*"air" + 0.006*"bridge" + 0.006*"water" + 0.006*"baseball" + 0.006*"week" + 0.006*"cell" + 0.005*"island" + 0.005*"type"
06-Feb-22 05:03:12 - gensim.models.ldamodel INFO topic diff=0.125397, rho=0.223831
06-Feb-22 05:03:12 - gensim.models.ldamodel INFO -7.015 per-word bound, 129.4 perplexity estimate based on a held-out corpus of 96 documents with 7671 words
06-Feb-22 05:03:12 - gensim.models.ldamodel INFO merging changes from 296 documents into a model of 996 documents
06-Feb-22 05:03:12 - gensim.models.ldamodel INFO topic #0 (0.200): 0.013*"season" + 0.010*"game" + 0.009*"player" + 0.008*"final" + 0.008*"event" + 0.008*"student" + 0.007*"round" + 0.007*"championship" + 0.007*"tournament" + 0.007*"lose"
06-Feb-22 05:03:12 - gensim.models.ldamodel INFO topic #1 (0.200): 0.012*"station" + 0.011*"district" + 0.011*"house" + 0.011*"building" + 0.008*"town" + 0.008*"railway" + 0.007*"church" + 0.006*"population" + 0.006*"street" + 0.006*"park"
06-Feb-22 05:03:12 - gensim.models.ldamodel INFO topic #2 (0.200): 0.019*"album" + 0.015*"song" + 0.015*"band" + 0.014*"game" + 0.012*"music" + 0.007*"character" + 0.006*"track" + 0.006*"film" + 0.006*"tour" + 0.006*"event"
06-Feb-22 05:03:12 - gensim.models.ldamodel INFO topic #3 (0.200): 0.012*"film" + 0.009*"squadron" + 0.007*"attack" + 0.007*"company" + 0.006*"son" + 0.005*"war" + 0.005*"british" + 0.005*"book" + 0.005*"order" + 0.005*"battle"
06-Feb-22 05:03:12 - gensim.models.ldamodel INFO topic #4 (0.200): 0.018*"game" + 0.012*"specie" + 0.008*"bridge" + 0.007*"week" + 0.007*"baseball" + 0.007*"island" + 0.007*"air" + 0.006*"water" + 0.005*"type" + 0.005*"cell"
06-Feb-22 05:03:12 - gensim.models.ldamodel INFO topic diff=0.164767, rho=0.223831
06-Feb-22 05:03:12 - gensim.models.ldamodel INFO -6.957 per-word bound, 124.2 perplexity estimate based on a held-out corpus of 96 documents with 7671 words
06-Feb-22 05:03:12 - gensim.utils INFO LdaMulticore lifecycle event {'msg': 'trained LdaModel(num_terms=1970, num_topics=5, decay=0.5, chunksize=100) in 3.08s', 'datetime': '2022-02-06T05:03:12.429278', 'gensim': '4.1.2', 'python': '3.9.5 | packaged by conda-forge | (default, Jun 19 2021, 00:32:32) \n[GCC 9.3.0]', 'platform': 'Linux-5.10.16.3-microsoft-standard-WSL2-x86_64-with-glibc2.31', 'event': 'created'}
06-Feb-22 05:03:12 - root INFO Time taken = 0 minutes
06-Feb-22 05:03:12 - root INFO Note: Log likelihood is per-word ELBO
06-Feb-22 05:03:12 - root INFO Note: Perplexity estimate based on a held-out corpus of 4 documents
