using symmetric alpha at 0.05
using symmetric eta at 0.05
using serial LDA version on this node
running online LDA training, 20 topics, 5 passes over the supplied corpus of 996 documents, updating every 700 documents, evaluating every ~996 documents, iterating 50x with a convergence threshold of 0.001000
too few updates, training might not converge; consider increasing the number of passes or iterations to improve accuracy
training LDA model using 7 processes
PROGRESS: pass 0, dispatched chunk #0 = documents up to #100/996, outstanding queue size 1
PROGRESS: pass 0, dispatched chunk #1 = documents up to #200/996, outstanding queue size 2
PROGRESS: pass 0, dispatched chunk #2 = documents up to #300/996, outstanding queue size 3
PROGRESS: pass 0, dispatched chunk #3 = documents up to #400/996, outstanding queue size 4
PROGRESS: pass 0, dispatched chunk #4 = documents up to #500/996, outstanding queue size 5
PROGRESS: pass 0, dispatched chunk #5 = documents up to #600/996, outstanding queue size 6
PROGRESS: pass 0, dispatched chunk #6 = documents up to #700/996, outstanding queue size 7
PROGRESS: pass 0, dispatched chunk #7 = documents up to #800/996, outstanding queue size 8
PROGRESS: pass 0, dispatched chunk #8 = documents up to #900/996, outstanding queue size 9
PROGRESS: pass 0, dispatched chunk #9 = documents up to #996/996, outstanding queue size 10
merging changes from 700 documents into a model of 996 documents
topic #15 (0.050): 0.005*"also" + 0.003*"first" + 0.003*"one" + 0.003*"may" + 0.003*"species" + 0.002*"two" + 0.002*"time" + 0.002*"new" + 0.002*"known" + 0.002*"people"
topic #5 (0.050): 0.004*"two" + 0.004*"also" + 0.003*"one" + 0.003*"first" + 0.002*"three" + 0.002*"band" + 0.002*"new" + 0.002*"time" + 0.002*"met" + 0.002*"th"
topic #11 (0.050): 0.004*"one" + 0.003*"time" + 0.003*"also" + 0.003*"city" + 0.002*"first" + 0.002*"two" + 0.002*"may" + 0.002*"borg" + 0.002*"new" + 0.002*"john"
topic #7 (0.050): 0.004*"also" + 0.003*"one" + 0.003*"two" + 0.002*"first" + 0.002*"year" + 0.002*"city" + 0.002*"park" + 0.002*"used" + 0.002*"since" + 0.002*"displaystyle"
topic #9 (0.050): 0.004*"one" + 0.003*"also" + 0.003*"first" + 0.003*"university" + 0.002*"board" + 0.002*"new" + 0.002*"two" + 0.002*"company" + 0.002*"line" + 0.002*"may"
topic diff=9.968154, rho=1.000000
-15.050 per-word bound, 33933.0 perplexity estimate based on a held-out corpus of 96 documents with 18935 words
merging changes from 296 documents into a model of 996 documents
topic #14 (0.050): 0.004*"also" + 0.004*"one" + 0.004*"first" + 0.002*"line" + 0.002*"school" + 0.002*"two" + 0.002*"university" + 0.002*"national" + 0.002*"time" + 0.002*"new"
topic #13 (0.050): 0.005*"first" + 0.005*"also" + 0.003*"time" + 0.003*"one" + 0.003*"game" + 0.002*"part" + 0.002*"would" + 0.002*"two" + 0.002*"new" + 0.002*"line"
topic #19 (0.050): 0.004*"also" + 0.004*"one" + 0.004*"first" + 0.003*"school" + 0.003*"new" + 0.003*"year" + 0.002*"national" + 0.002*"th" + 0.002*"years" + 0.002*"two"
topic #11 (0.050): 0.004*"one" + 0.003*"also" + 0.003*"time" + 0.003*"game" + 0.002*"city" + 0.002*"would" + 0.002*"new" + 0.002*"two" + 0.002*"first" + 0.002*"john"
topic #16 (0.050): 0.005*"also" + 0.004*"first" + 0.004*"one" + 0.003*"two" + 0.002*"years" + 0.002*"university" + 0.002*"would" + 0.002*"line" + 0.002*"album" + 0.002*"district"
topic diff=2.837622, rho=0.353553
-10.920 per-word bound, 1936.9 perplexity estimate based on a held-out corpus of 96 documents with 18935 words
PROGRESS: pass 1, dispatched chunk #0 = documents up to #100/996, outstanding queue size 1
PROGRESS: pass 1, dispatched chunk #1 = documents up to #200/996, outstanding queue size 2
PROGRESS: pass 1, dispatched chunk #2 = documents up to #300/996, outstanding queue size 3
PROGRESS: pass 1, dispatched chunk #3 = documents up to #400/996, outstanding queue size 4
PROGRESS: pass 1, dispatched chunk #4 = documents up to #500/996, outstanding queue size 5
PROGRESS: pass 1, dispatched chunk #5 = documents up to #600/996, outstanding queue size 6
PROGRESS: pass 1, dispatched chunk #6 = documents up to #700/996, outstanding queue size 7
PROGRESS: pass 1, dispatched chunk #7 = documents up to #800/996, outstanding queue size 8
PROGRESS: pass 1, dispatched chunk #8 = documents up to #900/996, outstanding queue size 9
PROGRESS: pass 1, dispatched chunk #9 = documents up to #996/996, outstanding queue size 10
merging changes from 700 documents into a model of 996 documents
topic #12 (0.050): 0.005*"also" + 0.004*"railway" + 0.004*"met" + 0.004*"district" + 0.003*"city" + 0.003*"two" + 0.003*"town" + 0.003*"first" + 0.003*"new" + 0.003*"north"
topic #11 (0.050): 0.004*"one" + 0.003*"time" + 0.003*"also" + 0.003*"city" + 0.003*"game" + 0.002*"first" + 0.002*"two" + 0.002*"vassar" + 0.002*"john" + 0.002*"would"
topic #9 (0.050): 0.004*"one" + 0.003*"university" + 0.003*"board" + 0.003*"also" + 0.002*"first" + 0.002*"new" + 0.002*"company" + 0.002*"line" + 0.002*"two" + 0.002*"would"
topic #17 (0.050): 0.004*"one" + 0.004*"also" + 0.003*"film" + 0.002*"two" + 0.002*"first" + 0.002*"may" + 0.002*"new" + 0.002*"station" + 0.002*"winner" + 0.002*"air"
topic #0 (0.050): 0.007*"borg" + 0.006*"amazing_race" + 0.004*"also" + 0.004*"first" + 0.003*"season" + 0.003*"one" + 0.003*"league" + 0.003*"team" + 0.003*"star_trek" + 0.003*"film"
topic diff=1.004569, rho=0.289157
-11.040 per-word bound, 2105.2 perplexity estimate based on a held-out corpus of 96 documents with 18935 words
merging changes from 296 documents into a model of 996 documents
topic #11 (0.050): 0.004*"one" + 0.003*"also" + 0.003*"church" + 0.003*"time" + 0.002*"building" + 0.002*"would" + 0.002*"game" + 0.002*"city" + 0.002*"two" + 0.002*"service"
topic #17 (0.050): 0.005*"one" + 0.003*"also" + 0.003*"patients" + 0.003*"center" + 0.003*"film" + 0.003*"first" + 0.002*"two" + 0.002*"work" + 0.002*"train" + 0.002*"therapists"
topic #18 (0.050): 0.005*"line" + 0.004*"one" + 0.003*"film" + 0.003*"station" + 0.003*"new" + 0.002*"first" + 0.002*"two" + 0.002*"east" + 0.002*"city" + 0.002*"also"
topic #13 (0.050): 0.005*"first" + 0.004*"also" + 0.003*"one" + 0.003*"line" + 0.003*"time" + 0.003*"part" + 0.003*"two" + 0.002*"new" + 0.002*"west" + 0.002*"school"
topic #9 (0.050): 0.004*"one" + 0.004*"film" + 0.003*"university" + 0.003*"also" + 0.003*"board" + 0.002*"first" + 0.002*"channel" + 0.002*"new" + 0.002*"frampton" + 0.002*"finchley"
topic diff=1.029061, rho=0.289157
-9.707 per-word bound, 835.9 perplexity estimate based on a held-out corpus of 96 documents with 18935 words
PROGRESS: pass 2, dispatched chunk #0 = documents up to #100/996, outstanding queue size 1
PROGRESS: pass 2, dispatched chunk #1 = documents up to #200/996, outstanding queue size 2
PROGRESS: pass 2, dispatched chunk #2 = documents up to #300/996, outstanding queue size 3
PROGRESS: pass 2, dispatched chunk #3 = documents up to #400/996, outstanding queue size 4
PROGRESS: pass 2, dispatched chunk #4 = documents up to #500/996, outstanding queue size 5
PROGRESS: pass 2, dispatched chunk #5 = documents up to #600/996, outstanding queue size 6
PROGRESS: pass 2, dispatched chunk #6 = documents up to #700/996, outstanding queue size 7
PROGRESS: pass 2, dispatched chunk #7 = documents up to #800/996, outstanding queue size 8
PROGRESS: pass 2, dispatched chunk #8 = documents up to #900/996, outstanding queue size 9
PROGRESS: pass 2, dispatched chunk #9 = documents up to #996/996, outstanding queue size 10
merging changes from 700 documents into a model of 996 documents
topic #12 (0.050): 0.006*"railway" + 0.005*"finchley" + 0.005*"met" + 0.005*"district" + 0.004*"also" + 0.004*"station" + 0.004*"london" + 0.004*"north" + 0.003*"city" + 0.003*"line"
topic #8 (0.050): 0.004*"one" + 0.004*"school" + 0.003*"displaystyle" + 0.003*"two" + 0.003*"students" + 0.003*"first" + 0.003*"state" + 0.002*"county" + 0.002*"part" + 0.002*"table"
topic #1 (0.050): 0.008*"would" + 0.006*"season" + 0.006*"game" + 0.006*"first" + 0.005*"team" + 0.005*"also" + 0.005*"great_danes" + 0.004*"university" + 0.004*"two" + 0.004*"year"
topic #10 (0.050): 0.003*"two" + 0.003*"also" + 0.003*"first" + 0.003*"time" + 0.003*"ian" + 0.003*"world" + 0.002*"samantha" + 0.002*"berlin" + 0.002*"tanuki" + 0.002*"event"
topic #2 (0.050): 0.007*"game" + 0.006*"also" + 0.005*"one" + 0.003*"may" + 0.003*"first" + 0.003*"world" + 0.003*"would" + 0.003*"two" + 0.003*"time" + 0.003*"athletes"
topic diff=0.916681, rho=0.277778
-9.852 per-word bound, 924.3 perplexity estimate based on a held-out corpus of 96 documents with 18935 words
merging changes from 296 documents into a model of 996 documents
topic #4 (0.050): 0.011*"squadron" + 0.005*"raf" + 0.004*"may" + 0.004*"cocaine" + 0.003*"de" + 0.003*"two" + 0.003*"pce" + 0.003*"aircraft" + 0.003*"river" + 0.003*"also"
topic #7 (0.050): 0.004*"final" + 0.004*"losing" + 0.004*"also" + 0.004*"year" + 0.004*"first" + 0.004*"one" + 0.004*"reached" + 0.003*"two" + 0.003*"bridge" + 0.003*"three"
topic #9 (0.050): 0.005*"film" + 0.004*"one" + 0.003*"board" + 0.003*"university" + 0.003*"frampton" + 0.003*"channel" + 0.003*"zorns_lemma" + 0.003*"also" + 0.002*"first" + 0.002*"time"
topic #11 (0.050): 0.004*"church" + 0.003*"one" + 0.003*"imageshack" + 0.003*"building" + 0.003*"also" + 0.003*"service" + 0.003*"two" + 0.002*"grossmunster" + 0.002*"time" + 0.002*"vassar"
topic #3 (0.050): 0.004*"also" + 0.004*"national" + 0.003*"film" + 0.002*"born" + 0.002*"two" + 0.002*"later" + 0.002*"since" + 0.002*"student" + 0.002*"time" + 0.002*"one"
topic diff=0.871127, rho=0.277778
-9.219 per-word bound, 595.7 perplexity estimate based on a held-out corpus of 96 documents with 18935 words
PROGRESS: pass 3, dispatched chunk #0 = documents up to #100/996, outstanding queue size 1
PROGRESS: pass 3, dispatched chunk #1 = documents up to #200/996, outstanding queue size 2
PROGRESS: pass 3, dispatched chunk #2 = documents up to #300/996, outstanding queue size 3
PROGRESS: pass 3, dispatched chunk #3 = documents up to #400/996, outstanding queue size 4
PROGRESS: pass 3, dispatched chunk #4 = documents up to #500/996, outstanding queue size 5
PROGRESS: pass 3, dispatched chunk #5 = documents up to #600/996, outstanding queue size 6
PROGRESS: pass 3, dispatched chunk #6 = documents up to #700/996, outstanding queue size 7
PROGRESS: pass 3, dispatched chunk #7 = documents up to #800/996, outstanding queue size 8
PROGRESS: pass 3, dispatched chunk #8 = documents up to #900/996, outstanding queue size 9
PROGRESS: pass 3, dispatched chunk #9 = documents up to #996/996, outstanding queue size 10
merging changes from 800 documents into a model of 996 documents
topic #13 (0.050): 0.005*"also" + 0.004*"first" + 0.003*"line" + 0.003*"one" + 0.003*"part" + 0.003*"west" + 0.003*"route" + 0.003*"two" + 0.002*"station" + 0.002*"town"
topic #3 (0.050): 0.004*"also" + 0.004*"national" + 0.003*"physical" + 0.003*"film" + 0.003*"event" + 0.002*"mental" + 0.002*"two" + 0.002*"laws" + 0.002*"events" + 0.002*"born"
topic #10 (0.050): 0.003*"ian" + 0.003*"two" + 0.003*"first" + 0.003*"university" + 0.003*"world" + 0.003*"time" + 0.003*"also" + 0.003*"samantha" + 0.003*"tanuki" + 0.002*"member"
topic #6 (0.050): 0.006*"album" + 0.005*"film" + 0.005*"also" + 0.004*"lennon" + 0.004*"jhelum" + 0.003*"one" + 0.003*"first" + 0.003*"british" + 0.003*"john" + 0.003*"battle"
topic #15 (0.050): 0.006*"also" + 0.004*"may" + 0.004*"species" + 0.003*"first" + 0.003*"new" + 0.003*"one" + 0.003*"brown_algae" + 0.002*"known" + 0.002*"two" + 0.002*"called"
topic diff=0.763766, rho=0.267644
-9.388 per-word bound, 669.8 perplexity estimate based on a held-out corpus of 96 documents with 18935 words
merging changes from 196 documents into a model of 996 documents
topic #19 (0.050): 0.004*"school" + 0.004*"also" + 0.004*"first" + 0.004*"one" + 0.003*"th" + 0.003*"year" + 0.003*"eagles" + 0.003*"london" + 0.003*"national" + 0.003*"music"
topic #5 (0.050): 0.010*"band" + 0.007*"album" + 0.006*"released" + 0.005*"first" + 0.005*"single" + 0.004*"two" + 0.004*"also" + 0.004*"new" + 0.004*"song" + 0.004*"snow_patrol"
topic #4 (0.050): 0.017*"squadron" + 0.008*"raf" + 0.004*"may" + 0.004*"aircraft" + 0.004*"river" + 0.004*"cocaine" + 0.004*"east" + 0.004*"air" + 0.003*"two" + 0.003*"de"
topic #12 (0.050): 0.005*"angre" + 0.005*"railway" + 0.004*"city" + 0.004*"met" + 0.004*"also" + 0.004*"district" + 0.004*"pin" + 0.003*"east" + 0.003*"fire" + 0.003*"finchley"
topic #3 (0.050): 0.004*"also" + 0.004*"film" + 0.004*"national" + 0.003*"student" + 0.003*"since" + 0.003*"festival" + 0.003*"two" + 0.003*"events" + 0.003*"born" + 0.002*"sokolov"
topic diff=0.706348, rho=0.267644
-8.787 per-word bound, 441.7 perplexity estimate based on a held-out corpus of 96 documents with 18935 words
PROGRESS: pass 4, dispatched chunk #0 = documents up to #100/996, outstanding queue size 1
PROGRESS: pass 4, dispatched chunk #1 = documents up to #200/996, outstanding queue size 2
PROGRESS: pass 4, dispatched chunk #2 = documents up to #300/996, outstanding queue size 3
PROGRESS: pass 4, dispatched chunk #3 = documents up to #400/996, outstanding queue size 4
PROGRESS: pass 4, dispatched chunk #4 = documents up to #500/996, outstanding queue size 5
PROGRESS: pass 4, dispatched chunk #5 = documents up to #600/996, outstanding queue size 6
PROGRESS: pass 4, dispatched chunk #6 = documents up to #700/996, outstanding queue size 7
PROGRESS: pass 4, dispatched chunk #7 = documents up to #800/996, outstanding queue size 8
PROGRESS: pass 4, dispatched chunk #8 = documents up to #900/996, outstanding queue size 9
PROGRESS: pass 4, dispatched chunk #9 = documents up to #996/996, outstanding queue size 10
merging changes from 796 documents into a model of 996 documents
topic #3 (0.050): 0.004*"also" + 0.004*"national" + 0.004*"film" + 0.003*"physical" + 0.003*"event" + 0.003*"events" + 0.003*"since" + 0.003*"mental" + 0.003*"laws" + 0.003*"two"
topic #19 (0.050): 0.004*"school" + 0.004*"also" + 0.004*"first" + 0.003*"one" + 0.003*"th" + 0.003*"year" + 0.003*"house" + 0.003*"london" + 0.003*"national" + 0.003*"music"
topic #2 (0.050): 0.012*"game" + 0.006*"also" + 0.005*"one" + 0.004*"may" + 0.004*"nbc" + 0.004*"week" + 0.004*"baseball" + 0.004*"world" + 0.003*"games" + 0.003*"time"
topic #7 (0.050): 0.005*"final" + 0.005*"losing" + 0.005*"reached" + 0.004*"year" + 0.004*"first" + 0.004*"also" + 0.004*"open" + 0.004*"one" + 0.003*"two" + 0.003*"three"
topic #1 (0.050): 0.007*"season" + 0.006*"team" + 0.006*"would" + 0.005*"played" + 0.005*"first" + 0.005*"year" + 0.005*"game" + 0.004*"university" + 0.004*"also" + 0.004*"football"
topic diff=0.600632, rho=0.258544
-8.814 per-word bound, 450.1 perplexity estimate based on a held-out corpus of 96 documents with 18935 words
merging changes from 200 documents into a model of 996 documents
topic #9 (0.050): 0.008*"board" + 0.006*"film" + 0.003*"one" + 0.003*"frampton" + 0.003*"university" + 0.003*"family" + 0.003*"channel" + 0.003*"zorns_lemma" + 0.002*"president" + 0.002*"public"
topic #11 (0.050): 0.006*"church" + 0.004*"fm" + 0.003*"imageshack" + 0.003*"service" + 0.003*"one" + 0.003*"building" + 0.003*"vassar" + 0.003*"grossmunster" + 0.003*"wiwf" + 0.003*"city"
topic #0 (0.050): 0.020*"borg" + 0.008*"star_trek" + 0.006*"episode" + 0.005*"amazing_race" + 0.005*"also" + 0.004*"season" + 0.004*"time" + 0.004*"collective" + 0.004*"one" + 0.003*"first"
topic #4 (0.050): 0.011*"cocaine" + 0.010*"squadron" + 0.009*"pce" + 0.007*"may" + 0.006*"children" + 0.006*"effects" + 0.005*"studies" + 0.004*"raf" + 0.004*"crack" + 0.004*"exposed"
topic #13 (0.050): 0.005*"also" + 0.004*"first" + 0.004*"jackson" + 0.004*"route" + 0.004*"line" + 0.003*"one" + 0.003*"station" + 0.003*"school" + 0.003*"west" + 0.003*"two"
topic diff=0.644165, rho=0.258544
-9.048 per-word bound, 529.3 perplexity estimate based on a held-out corpus of 96 documents with 18935 words
LdaMulticore lifecycle event {'msg': 'trained LdaModel(num_terms=32647, num_topics=20, decay=0.5, chunksize=100) in 13.99s', 'datetime': '2022-02-06T04:22:55.072704', 'gensim': '4.1.2', 'python': '3.9.5 | packaged by conda-forge | (default, Jun 19 2021, 00:32:32) \n[GCC 9.3.0]', 'platform': 'Linux-5.10.16.3-microsoft-standard-WSL2-x86_64-with-glibc2.31', 'event': 'created'}
Time taken = 0 minutes
Note: Perplexity estimate based on a held-out corpus of 4 documents


## With Lemmatization
using symmetric alpha at 0.2
using symmetric eta at 0.2
using serial LDA version on this node
running online LDA training, 5 topics, 10 passes over the supplied corpus of 996 documents, updating every 700 documents, evaluating every ~996 documents, iterating 50x with a convergence threshold of 0.001000
training LDA model using 7 processes
PROGRESS: pass 0, dispatched chunk #0 = documents up to #100/996, outstanding queue size 1
PROGRESS: pass 0, dispatched chunk #1 = documents up to #200/996, outstanding queue size 2
PROGRESS: pass 0, dispatched chunk #2 = documents up to #300/996, outstanding queue size 3
PROGRESS: pass 0, dispatched chunk #3 = documents up to #400/996, outstanding queue size 4
PROGRESS: pass 0, dispatched chunk #4 = documents up to #500/996, outstanding queue size 5
PROGRESS: pass 0, dispatched chunk #5 = documents up to #600/996, outstanding queue size 6
PROGRESS: pass 0, dispatched chunk #6 = documents up to #700/996, outstanding queue size 7
PROGRESS: pass 0, dispatched chunk #7 = documents up to #800/996, outstanding queue size 8
PROGRESS: pass 0, dispatched chunk #8 = documents up to #900/996, outstanding queue size 9
PROGRESS: pass 0, dispatched chunk #9 = documents up to #996/996, outstanding queue size 10
merging changes from 700 documents into a model of 996 documents
topic #0 (0.200): 0.006*"film" + 0.005*"game" + 0.005*"season" + 0.005*"station" + 0.004*"district" + 0.004*"event" + 0.004*"study" + 0.004*"company" + 0.004*"population" + 0.003*"star"
topic #1 (0.200): 0.005*"building" + 0.004*"child" + 0.004*"club" + 0.004*"design" + 0.004*"season" + 0.004*"program" + 0.004*"university" + 0.004*"player" + 0.003*"game" + 0.003*"history"
topic #2 (0.200): 0.007*"game" + 0.005*"album" + 0.005*"song" + 0.004*"player" + 0.004*"railway" + 0.004*"station" + 0.004*"child" + 0.004*"music" + 0.004*"company" + 0.003*"study"
topic #3 (0.200): 0.005*"film" + 0.005*"street" + 0.004*"district" + 0.004*"company" + 0.004*"album" + 0.004*"story" + 0.003*"event" + 0.003*"meet" + 0.003*"game" + 0.003*"tour"
topic #4 (0.200): 0.009*"game" + 0.005*"specie" + 0.005*"player" + 0.004*"station" + 0.004*"season" + 0.003*"series" + 0.003*"event" + 0.003*"run" + 0.003*"child" + 0.003*"meet"
topic diff=0.717076, rho=1.000000
-7.551 per-word bound, 187.5 perplexity estimate based on a held-out corpus of 96 documents with 7671 words
merging changes from 296 documents into a model of 996 documents
topic #0 (0.200): 0.007*"game" + 0.007*"film" + 0.004*"star" + 0.004*"district" + 0.004*"station" + 0.004*"season" + 0.004*"event" + 0.004*"house" + 0.004*"company" + 0.004*"title"
topic #1 (0.200): 0.005*"building" + 0.004*"design" + 0.004*"club" + 0.004*"season" + 0.004*"child" + 0.003*"game" + 0.003*"house" + 0.003*"program" + 0.003*"player" + 0.003*"football"
topic #2 (0.200): 0.009*"game" + 0.006*"album" + 0.006*"song" + 0.004*"player" + 0.004*"band" + 0.004*"station" + 0.004*"season" + 0.004*"music" + 0.003*"company" + 0.003*"event"
topic #3 (0.200): 0.007*"film" + 0.005*"squadron" + 0.004*"album" + 0.004*"street" + 0.004*"company" + 0.004*"district" + 0.004*"book" + 0.003*"story" + 0.003*"game" + 0.003*"star"
topic #4 (0.200): 0.011*"game" + 0.004*"specie" + 0.004*"station" + 0.004*"player" + 0.004*"season" + 0.003*"series" + 0.003*"design" + 0.003*"run" + 0.003*"event" + 0.003*"house"
topic diff=0.225010, rho=0.353553
-7.401 per-word bound, 169.0 perplexity estimate based on a held-out corpus of 96 documents with 7671 words
PROGRESS: pass 1, dispatched chunk #0 = documents up to #100/996, outstanding queue size 1
PROGRESS: pass 1, dispatched chunk #1 = documents up to #200/996, outstanding queue size 2
PROGRESS: pass 1, dispatched chunk #2 = documents up to #300/996, outstanding queue size 3
PROGRESS: pass 1, dispatched chunk #3 = documents up to #400/996, outstanding queue size 4
PROGRESS: pass 1, dispatched chunk #4 = documents up to #500/996, outstanding queue size 5
PROGRESS: pass 1, dispatched chunk #5 = documents up to #600/996, outstanding queue size 6
PROGRESS: pass 1, dispatched chunk #6 = documents up to #700/996, outstanding queue size 7
PROGRESS: pass 1, dispatched chunk #7 = documents up to #800/996, outstanding queue size 8
PROGRESS: pass 1, dispatched chunk #8 = documents up to #900/996, outstanding queue size 9
PROGRESS: pass 1, dispatched chunk #9 = documents up to #996/996, outstanding queue size 10
merging changes from 700 documents into a model of 996 documents
topic #0 (0.200): 0.007*"film" + 0.006*"game" + 0.005*"season" + 0.005*"event" + 0.005*"star" + 0.004*"study" + 0.004*"district" + 0.004*"student" + 0.004*"station" + 0.004*"sport"
topic #1 (0.200): 0.006*"building" + 0.005*"child" + 0.005*"club" + 0.004*"design" + 0.004*"season" + 0.004*"program" + 0.003*"house" + 0.003*"university" + 0.003*"football" + 0.003*"player"
topic #2 (0.200): 0.010*"game" + 0.008*"album" + 0.007*"song" + 0.005*"band" + 0.005*"music" + 0.005*"player" + 0.004*"station" + 0.004*"season" + 0.003*"company" + 0.003*"event"
topic #3 (0.200): 0.007*"film" + 0.004*"street" + 0.004*"company" + 0.004*"squadron" + 0.004*"story" + 0.004*"district" + 0.003*"book" + 0.003*"attack" + 0.003*"album" + 0.003*"art"
topic #4 (0.200): 0.011*"game" + 0.006*"specie" + 0.004*"player" + 0.004*"station" + 0.004*"season" + 0.004*"series" + 0.003*"run" + 0.003*"design" + 0.003*"event" + 0.003*"cell"
topic diff=0.138562, rho=0.289157
-7.410 per-word bound, 170.1 perplexity estimate based on a held-out corpus of 96 documents with 7671 words
merging changes from 296 documents into a model of 996 documents
topic #0 (0.200): 0.007*"film" + 0.006*"game" + 0.006*"star" + 0.005*"event" + 0.005*"title" + 0.005*"season" + 0.004*"student" + 0.004*"lose" + 0.004*"final" + 0.004*"reach"
topic #1 (0.200): 0.007*"building" + 0.005*"house" + 0.005*"town" + 0.004*"design" + 0.004*"child" + 0.004*"club" + 0.004*"district" + 0.004*"road" + 0.004*"season" + 0.003*"football"
topic #2 (0.200): 0.012*"album" + 0.011*"game" + 0.010*"song" + 0.009*"band" + 0.006*"music" + 0.005*"player" + 0.004*"event" + 0.004*"track" + 0.004*"character" + 0.004*"season"
topic #3 (0.200): 0.009*"film" + 0.007*"squadron" + 0.005*"company" + 0.004*"book" + 0.004*"attack" + 0.004*"street" + 0.004*"story" + 0.003*"district" + 0.003*"british" + 0.003*"art"
topic #4 (0.200): 0.015*"game" + 0.005*"specie" + 0.005*"station" + 0.005*"season" + 0.004*"bridge" + 0.004*"design" + 0.004*"air" + 0.004*"week" + 0.004*"ship" + 0.004*"series"
topic diff=0.202688, rho=0.289157
-7.233 per-word bound, 150.4 perplexity estimate based on a held-out corpus of 96 documents with 7671 words
PROGRESS: pass 2, dispatched chunk #0 = documents up to #100/996, outstanding queue size 1
PROGRESS: pass 2, dispatched chunk #1 = documents up to #200/996, outstanding queue size 2
PROGRESS: pass 2, dispatched chunk #2 = documents up to #300/996, outstanding queue size 3
PROGRESS: pass 2, dispatched chunk #3 = documents up to #400/996, outstanding queue size 4
PROGRESS: pass 2, dispatched chunk #4 = documents up to #500/996, outstanding queue size 5
PROGRESS: pass 2, dispatched chunk #5 = documents up to #600/996, outstanding queue size 6
PROGRESS: pass 2, dispatched chunk #6 = documents up to #700/996, outstanding queue size 7
PROGRESS: pass 2, dispatched chunk #7 = documents up to #800/996, outstanding queue size 8
PROGRESS: pass 2, dispatched chunk #8 = documents up to #900/996, outstanding queue size 9
PROGRESS: pass 2, dispatched chunk #9 = documents up to #996/996, outstanding queue size 10
merging changes from 700 documents into a model of 996 documents
topic #0 (0.200): 0.007*"film" + 0.006*"event" + 0.006*"game" + 0.005*"season" + 0.005*"star" + 0.005*"student" + 0.005*"study" + 0.005*"sport" + 0.004*"title" + 0.004*"research"
topic #1 (0.200): 0.007*"building" + 0.005*"child" + 0.005*"district" + 0.005*"house" + 0.005*"club" + 0.005*"station" + 0.005*"design" + 0.004*"railway" + 0.004*"road" + 0.004*"town"
topic #2 (0.200): 0.012*"album" + 0.012*"game" + 0.011*"song" + 0.009*"band" + 0.007*"music" + 0.006*"player" + 0.004*"character" + 0.004*"event" + 0.004*"track" + 0.004*"season"
topic #3 (0.200): 0.008*"film" + 0.006*"squadron" + 0.005*"company" + 0.005*"attack" + 0.004*"story" + 0.004*"book" + 0.004*"street" + 0.003*"order" + 0.003*"art" + 0.003*"district"
topic #4 (0.200): 0.013*"game" + 0.008*"specie" + 0.005*"station" + 0.004*"season" + 0.004*"cell" + 0.004*"ship" + 0.004*"bridge" + 0.004*"design" + 0.004*"water" + 0.004*"series"
topic diff=0.153286, rho=0.277778
-7.262 per-word bound, 153.5 perplexity estimate based on a held-out corpus of 96 documents with 7671 words
merging changes from 296 documents into a model of 996 documents
topic #0 (0.200): 0.007*"film" + 0.006*"star" + 0.006*"event" + 0.006*"title" + 0.006*"final" + 0.006*"lose" + 0.005*"game" + 0.005*"student" + 0.005*"season" + 0.005*"reach"
topic #1 (0.200): 0.008*"building" + 0.007*"house" + 0.006*"town" + 0.005*"district" + 0.005*"station" + 0.005*"child" + 0.005*"road" + 0.004*"design" + 0.004*"church" + 0.004*"club"
topic #2 (0.200): 0.015*"album" + 0.013*"song" + 0.012*"game" + 0.012*"band" + 0.008*"music" + 0.006*"player" + 0.005*"track" + 0.005*"character" + 0.004*"event" + 0.004*"chart"
topic #3 (0.200): 0.010*"film" + 0.008*"squadron" + 0.005*"company" + 0.005*"attack" + 0.005*"book" + 0.004*"british" + 0.004*"story" + 0.004*"army" + 0.004*"force" + 0.004*"order"
topic #4 (0.200): 0.017*"game" + 0.007*"specie" + 0.005*"bridge" + 0.005*"season" + 0.005*"station" + 0.005*"air" + 0.005*"week" + 0.004*"baseball" + 0.004*"ship" + 0.004*"design"
topic diff=0.196616, rho=0.277778
-7.136 per-word bound, 140.6 perplexity estimate based on a held-out corpus of 96 documents with 7671 words
PROGRESS: pass 3, dispatched chunk #0 = documents up to #100/996, outstanding queue size 1
PROGRESS: pass 3, dispatched chunk #1 = documents up to #200/996, outstanding queue size 2
PROGRESS: pass 3, dispatched chunk #2 = documents up to #300/996, outstanding queue size 3
PROGRESS: pass 3, dispatched chunk #3 = documents up to #400/996, outstanding queue size 4
PROGRESS: pass 3, dispatched chunk #4 = documents up to #500/996, outstanding queue size 5
PROGRESS: pass 3, dispatched chunk #5 = documents up to #600/996, outstanding queue size 6
PROGRESS: pass 3, dispatched chunk #6 = documents up to #700/996, outstanding queue size 7
PROGRESS: pass 3, dispatched chunk #7 = documents up to #800/996, outstanding queue size 8
PROGRESS: pass 3, dispatched chunk #8 = documents up to #900/996, outstanding queue size 9
PROGRESS: pass 3, dispatched chunk #9 = documents up to #996/996, outstanding queue size 10
merging changes from 700 documents into a model of 996 documents
topic #0 (0.200): 0.007*"event" + 0.006*"film" + 0.006*"season" + 0.006*"student" + 0.006*"star" + 0.006*"study" + 0.006*"game" + 0.005*"sport" + 0.005*"title" + 0.005*"final"
topic #1 (0.200): 0.008*"building" + 0.007*"district" + 0.006*"station" + 0.006*"house" + 0.006*"railway" + 0.005*"child" + 0.005*"town" + 0.005*"meet" + 0.005*"road" + 0.005*"church"
topic #2 (0.200): 0.015*"album" + 0.013*"game" + 0.013*"song" + 0.011*"band" + 0.008*"music" + 0.007*"player" + 0.005*"character" + 0.005*"tour" + 0.005*"track" + 0.004*"event"
topic #3 (0.200): 0.009*"film" + 0.006*"squadron" + 0.006*"company" + 0.005*"attack" + 0.005*"story" + 0.004*"book" + 0.004*"british" + 0.004*"order" + 0.004*"battle" + 0.004*"army"
topic #4 (0.200): 0.015*"game" + 0.009*"specie" + 0.005*"season" + 0.005*"bridge" + 0.005*"water" + 0.005*"station" + 0.004*"air" + 0.004*"cell" + 0.004*"ship" + 0.004*"design"
topic diff=0.157000, rho=0.267644
-7.175 per-word bound, 144.5 perplexity estimate based on a held-out corpus of 96 documents with 7671 words
merging changes from 296 documents into a model of 996 documents
topic #0 (0.200): 0.007*"event" + 0.007*"star" + 0.007*"film" + 0.007*"final" + 0.006*"title" + 0.006*"lose" + 0.006*"student" + 0.006*"season" + 0.005*"reach" + 0.005*"round"
topic #1 (0.200): 0.009*"building" + 0.008*"house" + 0.007*"town" + 0.007*"district" + 0.007*"station" + 0.005*"railway" + 0.005*"road" + 0.005*"church" + 0.005*"design" + 0.005*"child"
topic #2 (0.200): 0.016*"album" + 0.014*"song" + 0.013*"game" + 0.013*"band" + 0.009*"music" + 0.007*"player" + 0.005*"character" + 0.005*"track" + 0.005*"chart" + 0.005*"tour"
topic #3 (0.200): 0.011*"film" + 0.008*"squadron" + 0.006*"company" + 0.006*"attack" + 0.005*"british" + 0.005*"book" + 0.004*"army" + 0.004*"story" + 0.004*"force" + 0.004*"order"
topic #4 (0.200): 0.018*"game" + 0.008*"specie" + 0.006*"bridge" + 0.006*"season" + 0.006*"air" + 0.006*"baseball" + 0.006*"week" + 0.005*"water" + 0.005*"ship" + 0.004*"design"
topic diff=0.189014, rho=0.267644
-7.079 per-word bound, 135.2 perplexity estimate based on a held-out corpus of 96 documents with 7671 words
PROGRESS: pass 4, dispatched chunk #0 = documents up to #100/996, outstanding queue size 1
PROGRESS: pass 4, dispatched chunk #1 = documents up to #200/996, outstanding queue size 2
PROGRESS: pass 4, dispatched chunk #2 = documents up to #300/996, outstanding queue size 3
PROGRESS: pass 4, dispatched chunk #3 = documents up to #400/996, outstanding queue size 4
PROGRESS: pass 4, dispatched chunk #4 = documents up to #500/996, outstanding queue size 5
PROGRESS: pass 4, dispatched chunk #5 = documents up to #600/996, outstanding queue size 6
PROGRESS: pass 4, dispatched chunk #6 = documents up to #700/996, outstanding queue size 7
PROGRESS: pass 4, dispatched chunk #7 = documents up to #800/996, outstanding queue size 8
PROGRESS: pass 4, dispatched chunk #8 = documents up to #900/996, outstanding queue size 9
PROGRESS: pass 4, dispatched chunk #9 = documents up to #996/996, outstanding queue size 10
merging changes from 700 documents into a model of 996 documents
topic #0 (0.200): 0.007*"event" + 0.007*"season" + 0.006*"student" + 0.006*"star" + 0.006*"study" + 0.006*"final" + 0.006*"film" + 0.006*"game" + 0.006*"title" + 0.006*"sport"
topic #1 (0.200): 0.008*"building" + 0.008*"district" + 0.008*"station" + 0.007*"house" + 0.007*"railway" + 0.006*"town" + 0.006*"meet" + 0.005*"child" + 0.005*"church" + 0.005*"street"
topic #2 (0.200): 0.016*"album" + 0.014*"game" + 0.014*"song" + 0.013*"band" + 0.009*"music" + 0.007*"player" + 0.006*"character" + 0.005*"tour" + 0.005*"track" + 0.005*"club"
topic #3 (0.200): 0.010*"film" + 0.007*"squadron" + 0.006*"company" + 0.006*"attack" + 0.005*"story" + 0.005*"british" + 0.005*"book" + 0.004*"battle" + 0.004*"war" + 0.004*"order"
topic #4 (0.200): 0.016*"game" + 0.010*"specie" + 0.006*"season" + 0.006*"bridge" + 0.005*"air" + 0.005*"water" + 0.005*"cell" + 0.005*"baseball" + 0.005*"ship" + 0.004*"week"
topic diff=0.156164, rho=0.258544
-7.122 per-word bound, 139.3 perplexity estimate based on a held-out corpus of 96 documents with 7671 words
merging changes from 296 documents into a model of 996 documents
topic #0 (0.200): 0.008*"event" + 0.008*"final" + 0.007*"star" + 0.007*"season" + 0.007*"lose" + 0.007*"title" + 0.007*"student" + 0.006*"film" + 0.006*"round" + 0.006*"tournament"
topic #1 (0.200): 0.009*"building" + 0.009*"house" + 0.008*"station" + 0.008*"district" + 0.008*"town" + 0.006*"railway" + 0.005*"church" + 0.005*"road" + 0.005*"street" + 0.005*"design"
topic #2 (0.200): 0.017*"album" + 0.015*"song" + 0.014*"band" + 0.014*"game" + 0.010*"music" + 0.007*"player" + 0.006*"character" + 0.005*"track" + 0.005*"tour" + 0.005*"chart"
topic #3 (0.200): 0.011*"film" + 0.008*"squadron" + 0.006*"company" + 0.006*"attack" + 0.005*"british" + 0.005*"book" + 0.004*"force" + 0.004*"army" + 0.004*"war" + 0.004*"order"
topic #4 (0.200): 0.019*"game" + 0.009*"specie" + 0.007*"bridge" + 0.006*"air" + 0.006*"season" + 0.006*"baseball" + 0.006*"week" + 0.006*"water" + 0.005*"ship" + 0.005*"island"
topic diff=0.183030, rho=0.258544
-7.042 per-word bound, 131.8 perplexity estimate based on a held-out corpus of 96 documents with 7671 words
PROGRESS: pass 5, dispatched chunk #0 = documents up to #100/996, outstanding queue size 1
PROGRESS: pass 5, dispatched chunk #1 = documents up to #200/996, outstanding queue size 2
PROGRESS: pass 5, dispatched chunk #2 = documents up to #300/996, outstanding queue size 3
PROGRESS: pass 5, dispatched chunk #3 = documents up to #400/996, outstanding queue size 4
PROGRESS: pass 5, dispatched chunk #4 = documents up to #500/996, outstanding queue size 5
PROGRESS: pass 5, dispatched chunk #5 = documents up to #600/996, outstanding queue size 6
PROGRESS: pass 5, dispatched chunk #6 = documents up to #700/996, outstanding queue size 7
PROGRESS: pass 5, dispatched chunk #7 = documents up to #800/996, outstanding queue size 8
PROGRESS: pass 5, dispatched chunk #8 = documents up to #900/996, outstanding queue size 9
PROGRESS: pass 5, dispatched chunk #9 = documents up to #996/996, outstanding queue size 10
merging changes from 700 documents into a model of 996 documents
topic #0 (0.200): 0.008*"event" + 0.008*"season" + 0.007*"student" + 0.006*"final" + 0.006*"study" + 0.006*"star" + 0.006*"game" + 0.006*"title" + 0.006*"sport" + 0.006*"tournament"
topic #1 (0.200): 0.009*"station" + 0.009*"district" + 0.009*"building" + 0.008*"house" + 0.007*"railway" + 0.007*"town" + 0.006*"street" + 0.006*"meet" + 0.006*"church" + 0.005*"road"
topic #2 (0.200): 0.017*"album" + 0.015*"game" + 0.014*"song" + 0.013*"band" + 0.010*"music" + 0.008*"player" + 0.006*"character" + 0.005*"tour" + 0.005*"club" + 0.005*"track"
topic #3 (0.200): 0.011*"film" + 0.007*"squadron" + 0.007*"company" + 0.006*"attack" + 0.005*"british" + 0.005*"war" + 0.005*"battle" + 0.005*"book" + 0.005*"story" + 0.004*"son"
topic #4 (0.200): 0.017*"game" + 0.012*"specie" + 0.006*"bridge" + 0.006*"air" + 0.006*"season" + 0.006*"water" + 0.005*"baseball" + 0.005*"cell" + 0.005*"week" + 0.005*"island"
topic diff=0.154021, rho=0.250313
-7.087 per-word bound, 135.9 perplexity estimate based on a held-out corpus of 96 documents with 7671 words
merging changes from 296 documents into a model of 996 documents
topic #0 (0.200): 0.008*"final" + 0.008*"event" + 0.008*"season" + 0.007*"star" + 0.007*"student" + 0.007*"lose" + 0.007*"title" + 0.006*"round" + 0.006*"tournament" + 0.006*"match"
topic #1 (0.200): 0.010*"house" + 0.009*"building" + 0.009*"station" + 0.009*"district" + 0.008*"town" + 0.006*"railway" + 0.006*"street" + 0.006*"church" + 0.005*"road" + 0.005*"north"
topic #2 (0.200): 0.018*"album" + 0.015*"song" + 0.015*"band" + 0.014*"game" + 0.010*"music" + 0.007*"player" + 0.006*"character" + 0.006*"tour" + 0.005*"track" + 0.005*"club"
topic #3 (0.200): 0.012*"film" + 0.009*"squadron" + 0.007*"attack" + 0.007*"company" + 0.006*"british" + 0.005*"book" + 0.005*"war" + 0.005*"force" + 0.005*"army" + 0.005*"son"
topic #4 (0.200): 0.020*"game" + 0.011*"specie" + 0.007*"bridge" + 0.007*"air" + 0.007*"baseball" + 0.006*"week" + 0.006*"season" + 0.006*"water" + 0.005*"island" + 0.005*"ship"
topic diff=0.176488, rho=0.250313
-7.017 per-word bound, 129.5 perplexity estimate based on a held-out corpus of 96 documents with 7671 words
PROGRESS: pass 6, dispatched chunk #0 = documents up to #100/996, outstanding queue size 1
PROGRESS: pass 6, dispatched chunk #1 = documents up to #200/996, outstanding queue size 2
PROGRESS: pass 6, dispatched chunk #2 = documents up to #300/996, outstanding queue size 3
PROGRESS: pass 6, dispatched chunk #3 = documents up to #400/996, outstanding queue size 4
PROGRESS: pass 6, dispatched chunk #4 = documents up to #500/996, outstanding queue size 5
PROGRESS: pass 6, dispatched chunk #5 = documents up to #600/996, outstanding queue size 6
PROGRESS: pass 6, dispatched chunk #6 = documents up to #700/996, outstanding queue size 7
PROGRESS: pass 6, dispatched chunk #7 = documents up to #800/996, outstanding queue size 8
PROGRESS: pass 6, dispatched chunk #8 = documents up to #900/996, outstanding queue size 9
PROGRESS: pass 6, dispatched chunk #9 = documents up to #996/996, outstanding queue size 10
merging changes from 700 documents into a model of 996 documents
topic #0 (0.200): 0.008*"event" + 0.007*"season" + 0.007*"student" + 0.007*"final" + 0.007*"study" + 0.007*"star" + 0.006*"title" + 0.006*"match" + 0.006*"sport" + 0.006*"lose"
topic #1 (0.200): 0.010*"station" + 0.010*"district" + 0.009*"house" + 0.009*"building" + 0.008*"town" + 0.007*"railway" + 0.006*"street" + 0.006*"meet" + 0.006*"church" + 0.006*"population"
topic #2 (0.200): 0.016*"album" + 0.015*"game" + 0.015*"song" + 0.014*"band" + 0.010*"music" + 0.008*"player" + 0.007*"character" + 0.006*"club" + 0.006*"tour" + 0.005*"chart"
topic #3 (0.200): 0.012*"film" + 0.007*"squadron" + 0.007*"company" + 0.007*"attack" + 0.006*"british" + 0.005*"book" + 0.005*"war" + 0.005*"force" + 0.005*"battle" + 0.005*"son"
topic #4 (0.200): 0.017*"game" + 0.013*"specie" + 0.007*"air" + 0.006*"water" + 0.006*"bridge" + 0.006*"season" + 0.006*"baseball" + 0.005*"cell" + 0.005*"ship" + 0.005*"week"
topic diff=0.141961, rho=0.242821
-7.066 per-word bound, 134.0 perplexity estimate based on a held-out corpus of 96 documents with 7671 words
merging changes from 296 documents into a model of 996 documents
topic #0 (0.200): 0.009*"season" + 0.008*"event" + 0.008*"final" + 0.007*"game" + 0.007*"star" + 0.007*"student" + 0.007*"lose" + 0.007*"tournament" + 0.007*"title" + 0.006*"round"
topic #1 (0.200): 0.011*"station" + 0.010*"building" + 0.010*"house" + 0.010*"district" + 0.007*"town" + 0.007*"railway" + 0.006*"church" + 0.006*"street" + 0.006*"park" + 0.006*"north"
topic #2 (0.200): 0.019*"album" + 0.015*"song" + 0.015*"game" + 0.014*"band" + 0.011*"music" + 0.007*"player" + 0.006*"character" + 0.006*"track" + 0.005*"tour" + 0.005*"chart"
topic #3 (0.200): 0.012*"film" + 0.009*"squadron" + 0.007*"attack" + 0.006*"company" + 0.005*"british" + 0.005*"book" + 0.005*"son" + 0.005*"war" + 0.005*"order" + 0.005*"battle"
topic #4 (0.200): 0.020*"game" + 0.011*"specie" + 0.008*"bridge" + 0.007*"baseball" + 0.007*"week" + 0.007*"island" + 0.006*"air" + 0.006*"season" + 0.006*"water" + 0.005*"cell"
topic diff=0.189824, rho=0.242821
-6.997 per-word bound, 127.7 perplexity estimate based on a held-out corpus of 96 documents with 7671 words
PROGRESS: pass 7, dispatched chunk #0 = documents up to #100/996, outstanding queue size 1
PROGRESS: pass 7, dispatched chunk #1 = documents up to #200/996, outstanding queue size 2
PROGRESS: pass 7, dispatched chunk #2 = documents up to #300/996, outstanding queue size 3
PROGRESS: pass 7, dispatched chunk #3 = documents up to #400/996, outstanding queue size 4
PROGRESS: pass 7, dispatched chunk #4 = documents up to #500/996, outstanding queue size 5
PROGRESS: pass 7, dispatched chunk #5 = documents up to #600/996, outstanding queue size 6
PROGRESS: pass 7, dispatched chunk #6 = documents up to #700/996, outstanding queue size 7
PROGRESS: pass 7, dispatched chunk #7 = documents up to #800/996, outstanding queue size 8
PROGRESS: pass 7, dispatched chunk #8 = documents up to #900/996, outstanding queue size 9
PROGRESS: pass 7, dispatched chunk #9 = documents up to #996/996, outstanding queue size 10
merging changes from 700 documents into a model of 996 documents
topic #0 (0.200): 0.009*"season" + 0.008*"event" + 0.007*"student" + 0.007*"study" + 0.007*"final" + 0.007*"game" + 0.006*"star" + 0.006*"tournament" + 0.006*"player" + 0.006*"sport"
topic #1 (0.200): 0.011*"station" + 0.010*"district" + 0.009*"building" + 0.009*"house" + 0.008*"railway" + 0.007*"town" + 0.006*"street" + 0.006*"church" + 0.006*"meet" + 0.006*"population"
topic #2 (0.200): 0.018*"album" + 0.015*"game" + 0.015*"song" + 0.014*"band" + 0.011*"music" + 0.007*"player" + 0.007*"character" + 0.006*"tour" + 0.006*"club" + 0.005*"track"
topic #3 (0.200): 0.012*"film" + 0.007*"squadron" + 0.007*"company" + 0.007*"attack" + 0.005*"british" + 0.005*"war" + 0.005*"son" + 0.005*"battle" + 0.005*"book" + 0.005*"order"
topic #4 (0.200): 0.017*"game" + 0.013*"specie" + 0.007*"bridge" + 0.006*"air" + 0.006*"baseball" + 0.006*"water" + 0.006*"cell" + 0.006*"island" + 0.006*"week" + 0.005*"season"
topic diff=0.137996, rho=0.235965
-7.044 per-word bound, 131.9 perplexity estimate based on a held-out corpus of 96 documents with 7671 words
merging changes from 296 documents into a model of 996 documents
topic #0 (0.200): 0.011*"season" + 0.009*"game" + 0.008*"event" + 0.008*"final" + 0.007*"tournament" + 0.007*"player" + 0.007*"student" + 0.007*"university" + 0.007*"championship" + 0.007*"lose"
topic #1 (0.200): 0.012*"station" + 0.011*"building" + 0.010*"district" + 0.010*"house" + 0.008*"railway" + 0.007*"town" + 0.006*"church" + 0.006*"population" + 0.006*"park" + 0.006*"design"
topic #2 (0.200): 0.020*"album" + 0.015*"song" + 0.015*"game" + 0.014*"band" + 0.011*"music" + 0.007*"player" + 0.006*"character" + 0.006*"track" + 0.005*"tour" + 0.005*"chart"
topic #3 (0.200): 0.012*"film" + 0.009*"squadron" + 0.007*"attack" + 0.006*"company" + 0.005*"son" + 0.005*"war" + 0.005*"book" + 0.005*"story" + 0.005*"battle" + 0.005*"order"
topic #4 (0.200): 0.019*"game" + 0.012*"specie" + 0.008*"bridge" + 0.007*"baseball" + 0.007*"island" + 0.007*"week" + 0.006*"air" + 0.005*"cell" + 0.005*"water" + 0.005*"network"
topic diff=0.174306, rho=0.235965
-6.984 per-word bound, 126.6 perplexity estimate based on a held-out corpus of 96 documents with 7671 words
PROGRESS: pass 8, dispatched chunk #0 = documents up to #100/996, outstanding queue size 1
PROGRESS: pass 8, dispatched chunk #1 = documents up to #200/996, outstanding queue size 2
PROGRESS: pass 8, dispatched chunk #2 = documents up to #300/996, outstanding queue size 3
PROGRESS: pass 8, dispatched chunk #3 = documents up to #400/996, outstanding queue size 4
PROGRESS: pass 8, dispatched chunk #4 = documents up to #500/996, outstanding queue size 5
PROGRESS: pass 8, dispatched chunk #5 = documents up to #600/996, outstanding queue size 6
PROGRESS: pass 8, dispatched chunk #6 = documents up to #700/996, outstanding queue size 7
PROGRESS: pass 8, dispatched chunk #7 = documents up to #800/996, outstanding queue size 8
PROGRESS: pass 8, dispatched chunk #8 = documents up to #900/996, outstanding queue size 9
PROGRESS: pass 8, dispatched chunk #9 = documents up to #996/996, outstanding queue size 10
merging changes from 700 documents into a model of 996 documents
topic #0 (0.200): 0.011*"season" + 0.009*"game" + 0.008*"event" + 0.007*"study" + 0.007*"student" + 0.007*"player" + 0.007*"university" + 0.007*"tournament" + 0.007*"final" + 0.007*"program"
topic #1 (0.200): 0.012*"station" + 0.011*"district" + 0.010*"building" + 0.009*"house" + 0.008*"railway" + 0.007*"town" + 0.007*"population" + 0.007*"church" + 0.006*"street" + 0.006*"meet"
topic #2 (0.200): 0.019*"album" + 0.015*"song" + 0.015*"game" + 0.014*"band" + 0.011*"music" + 0.007*"player" + 0.007*"character" + 0.006*"track" + 0.006*"tour" + 0.005*"chart"
topic #3 (0.200): 0.011*"film" + 0.007*"squadron" + 0.007*"attack" + 0.007*"company" + 0.005*"son" + 0.005*"war" + 0.005*"battle" + 0.005*"story" + 0.005*"order" + 0.005*"book"
topic #4 (0.200): 0.016*"game" + 0.013*"specie" + 0.007*"bridge" + 0.007*"island" + 0.006*"baseball" + 0.006*"cell" + 0.006*"week" + 0.005*"air" + 0.005*"water" + 0.005*"network"
topic diff=0.133147, rho=0.229658
-7.030 per-word bound, 130.7 perplexity estimate based on a held-out corpus of 96 documents with 7671 words
merging changes from 296 documents into a model of 996 documents
topic #0 (0.200): 0.011*"season" + 0.008*"game" + 0.008*"final" + 0.008*"event" + 0.007*"student" + 0.007*"player" + 0.007*"lose" + 0.007*"tournament" + 0.007*"round" + 0.007*"championship"
topic #1 (0.200): 0.012*"station" + 0.011*"house" + 0.011*"district" + 0.010*"building" + 0.008*"town" + 0.008*"railway" + 0.007*"church" + 0.006*"street" + 0.006*"population" + 0.006*"park"
topic #2 (0.200): 0.019*"album" + 0.015*"song" + 0.015*"band" + 0.014*"game" + 0.011*"music" + 0.007*"character" + 0.006*"player" + 0.006*"track" + 0.006*"tour" + 0.005*"event"
topic #3 (0.200): 0.012*"film" + 0.009*"squadron" + 0.007*"attack" + 0.007*"company" + 0.005*"british" + 0.005*"son" + 0.005*"war" + 0.005*"book" + 0.005*"order" + 0.005*"battle"
topic #4 (0.200): 0.019*"game" + 0.012*"specie" + 0.008*"bridge" + 0.007*"baseball" + 0.007*"week" + 0.007*"island" + 0.007*"air" + 0.006*"water" + 0.005*"cell" + 0.005*"network"
topic diff=0.157976, rho=0.229658
-6.971 per-word bound, 125.5 perplexity estimate based on a held-out corpus of 96 documents with 7671 words
PROGRESS: pass 9, dispatched chunk #0 = documents up to #100/996, outstanding queue size 1
PROGRESS: pass 9, dispatched chunk #1 = documents up to #200/996, outstanding queue size 2
PROGRESS: pass 9, dispatched chunk #2 = documents up to #300/996, outstanding queue size 3
PROGRESS: pass 9, dispatched chunk #3 = documents up to #400/996, outstanding queue size 4
PROGRESS: pass 9, dispatched chunk #4 = documents up to #500/996, outstanding queue size 5
PROGRESS: pass 9, dispatched chunk #5 = documents up to #600/996, outstanding queue size 6
PROGRESS: pass 9, dispatched chunk #6 = documents up to #700/996, outstanding queue size 7
PROGRESS: pass 9, dispatched chunk #7 = documents up to #800/996, outstanding queue size 8
PROGRESS: pass 9, dispatched chunk #8 = documents up to #900/996, outstanding queue size 9
PROGRESS: pass 9, dispatched chunk #9 = documents up to #996/996, outstanding queue size 10
merging changes from 796 documents into a model of 996 documents
topic #0 (0.200): 0.011*"season" + 0.008*"event" + 0.008*"game" + 0.008*"student" + 0.007*"study" + 0.007*"final" + 0.007*"player" + 0.006*"lose" + 0.006*"star" + 0.006*"tournament"
topic #1 (0.200): 0.012*"station" + 0.011*"district" + 0.010*"house" + 0.010*"building" + 0.008*"railway" + 0.008*"town" + 0.007*"church" + 0.007*"street" + 0.006*"population" + 0.006*"meet"
topic #2 (0.200): 0.018*"album" + 0.015*"song" + 0.015*"game" + 0.015*"band" + 0.012*"music" + 0.007*"character" + 0.007*"player" + 0.006*"tour" + 0.006*"track" + 0.006*"event"
topic #3 (0.200): 0.012*"film" + 0.008*"squadron" + 0.007*"attack" + 0.007*"company" + 0.005*"war" + 0.005*"son" + 0.005*"british" + 0.005*"book" + 0.005*"order" + 0.005*"battle"
topic #4 (0.200): 0.018*"game" + 0.014*"specie" + 0.008*"bridge" + 0.007*"baseball" + 0.007*"week" + 0.006*"island" + 0.006*"air" + 0.006*"cell" + 0.005*"water" + 0.005*"network"
topic diff=0.111951, rho=0.223831
-6.981 per-word bound, 126.4 perplexity estimate based on a held-out corpus of 96 documents with 7671 words
merging changes from 200 documents into a model of 996 documents
topic #0 (0.200): 0.014*"season" + 0.011*"game" + 0.008*"tournament" + 0.008*"player" + 0.008*"round" + 0.008*"university" + 0.008*"championship" + 0.007*"student" + 0.007*"final" + 0.007*"event"
topic #1 (0.200): 0.012*"station" + 0.012*"house" + 0.011*"building" + 0.010*"district" + 0.009*"town" + 0.008*"railway" + 0.007*"population" + 0.006*"park" + 0.006*"church" + 0.006*"street"
topic #2 (0.200): 0.019*"album" + 0.015*"song" + 0.013*"band" + 0.013*"game" + 0.011*"music" + 0.006*"character" + 0.006*"track" + 0.006*"player" + 0.006*"film" + 0.005*"series"
topic #3 (0.200): 0.012*"film" + 0.007*"company" + 0.007*"squadron" + 0.006*"attack" + 0.006*"son" + 0.006*"british" + 0.006*"story" + 0.006*"battle" + 0.006*"war" + 0.006*"book"
topic #4 (0.200): 0.015*"game" + 0.012*"specie" + 0.007*"air" + 0.007*"island" + 0.007*"bridge" + 0.006*"water" + 0.006*"baseball" + 0.005*"week" + 0.005*"cell" + 0.005*"room"
topic diff=0.198284, rho=0.223831
-7.033 per-word bound, 131.0 perplexity estimate based on a held-out corpus of 96 documents with 7671 words
LdaMulticore lifecycle event {'msg': 'trained LdaModel(num_terms=1970, num_topics=5, decay=0.5, chunksize=100) in 3.13s', 'datetime': '2022-02-06T04:22:58.509432', 'gensim': '4.1.2', 'python': '3.9.5 | packaged by conda-forge | (default, Jun 19 2021, 00:32:32) \n[GCC 9.3.0]', 'platform': 'Linux-5.10.16.3-microsoft-standard-WSL2-x86_64-with-glibc2.31', 'event': 'created'}
Time taken = 0 minutes
Note: Log likelihood is per-word ELBO
Note: Perplexity estimate based on a held-out corpus of 4 documents
